Mensaje I / 00:00:00:000 / Root(00) para top(01)
Mensaje I / 00:00:00:000 / top(01) para ct(02)
Mensaje D / 00:00:00:000 / ct(02) / ... para top(01)
Mensaje D / 00:00:00:000 / top(01) / ... para Root(00)
Mensaje X / 00:05:00:000 / Root(00) / lr /      1.00000 para top(01)
Mensaje X / 00:05:00:000 / top(01) / inlandingrequest /      1.00000 para ct(02)
Mensaje D / 00:05:00:000 / ct(02) / 00:00:30:000 para top(01)
Mensaje D / 00:05:00:000 / top(01) / 00:00:30:000 para Root(00)
Mensaje * / 00:05:30:000 / Root(00) para top(01)
Mensaje * / 00:05:30:000 / top(01) para ct(02)
Mensaje Y / 00:05:30:000 / ct(02) / outweathercheck /      1.00000 para top(01)
Mensaje D / 00:05:30:000 / ct(02) / ... para top(01)
Mensaje Y / 00:05:30:000 / top(01) / wc /      1.00000 para Root(00)
Mensaje D / 00:05:30:000 / top(01) / ... para Root(00)
Mensaje X / 00:10:00:000 / Root(00) / wa /      1.00000 para top(01)
Mensaje X / 00:10:00:000 / top(01) / inweatheracceptability /      1.00000 para ct(02)
Mensaje D / 00:10:00:000 / ct(02) / 00:00:15:000 para top(01)
Mensaje D / 00:10:00:000 / top(01) / 00:00:15:000 para Root(00)
Mensaje * / 00:10:15:000 / Root(00) para top(01)
Mensaje * / 00:10:15:000 / top(01) para ct(02)
Mensaje Y / 00:10:15:000 / ct(02) / outlandingclearance /      1.00000 para top(01)
Mensaje D / 00:10:15:000 / ct(02) / ... para top(01)
Mensaje Y / 00:10:15:000 / top(01) / lc /      1.00000 para Root(00)
Mensaje D / 00:10:15:000 / top(01) / ... para Root(00)
Mensaje X / 00:15:00:000 / Root(00) / to /      1.00000 para top(01)
Mensaje X / 00:15:00:000 / top(01) / intakeoff /      1.00000 para ct(02)
Mensaje D / 00:15:00:000 / ct(02) / 00:01:59:633 para top(01)
Mensaje D / 00:15:00:000 / top(01) / 00:01:59:633 para Root(00)
Mensaje * / 00:16:59:633 / Root(00) para top(01)
Mensaje * / 00:16:59:633 / top(01) para ct(02)
Mensaje Y / 00:16:59:633 / ct(02) / outtakeoffclearance /      1.00000 para top(01)
Mensaje D / 00:16:59:633 / ct(02) / ... para top(01)
Mensaje Y / 00:16:59:633 / top(01) / tc /      1.00000 para Root(00)
Mensaje D / 00:16:59:633 / top(01) / ... para Root(00)
Mensaje X / 01:05:00:000 / Root(00) / lr /      1.00000 para top(01)
Mensaje X / 01:05:00:000 / top(01) / inlandingrequest /      1.00000 para ct(02)
Mensaje D / 01:05:00:000 / ct(02) / 00:00:30:000 para top(01)
Mensaje D / 01:05:00:000 / top(01) / 00:00:30:000 para Root(00)
Mensaje * / 01:05:30:000 / Root(00) para top(01)
Mensaje * / 01:05:30:000 / top(01) para ct(02)
Mensaje Y / 01:05:30:000 / ct(02) / outweathercheck /      1.00000 para top(01)
Mensaje D / 01:05:30:000 / ct(02) / ... para top(01)
Mensaje Y / 01:05:30:000 / top(01) / wc /      1.00000 para Root(00)
Mensaje D / 01:05:30:000 / top(01) / ... para Root(00)
Mensaje X / 01:10:00:000 / Root(00) / wa /      0.00000 para top(01)
Mensaje X / 01:10:00:000 / top(01) / inweatheracceptability /      0.00000 para ct(02)
Mensaje D / 01:10:00:000 / ct(02) / 00:00:15:000 para top(01)
Mensaje D / 01:10:00:000 / top(01) / 00:00:15:000 para Root(00)
Mensaje * / 01:10:15:000 / Root(00) para top(01)
Mensaje * / 01:10:15:000 / top(01) para ct(02)
Mensaje Y / 01:10:15:000 / ct(02) / outlandingclearance /      0.00000 para top(01)
Mensaje D / 01:10:15:000 / ct(02) / ... para top(01)
Mensaje Y / 01:10:15:000 / top(01) / lc /      0.00000 para Root(00)
Mensaje D / 01:10:15:000 / top(01) / ... para Root(00)
Mensaje X / 02:00:00:000 / Root(00) / lr /      1.00000 para top(01)
Mensaje X / 02:00:00:000 / top(01) / inlandingrequest /      1.00000 para ct(02)
Mensaje D / 02:00:00:000 / ct(02) / 00:00:30:000 para top(01)
Mensaje D / 02:00:00:000 / top(01) / 00:00:30:000 para Root(00)
Mensaje * / 02:00:30:000 / Root(00) para top(01)
Mensaje * / 02:00:30:000 / top(01) para ct(02)
Mensaje Y / 02:00:30:000 / ct(02) / outweathercheck /      1.00000 para top(01)
Mensaje D / 02:00:30:000 / ct(02) / ... para top(01)
Mensaje Y / 02:00:30:000 / top(01) / wc /      1.00000 para Root(00)
Mensaje D / 02:00:30:000 / top(01) / ... para Root(00)
Mensaje X / 02:05:00:000 / Root(00) / to /      1.00000 para top(01)
Mensaje X / 02:05:00:000 / top(01) / intakeoff /      1.00000 para ct(02)
Mensaje D / 02:05:00:000 / ct(02) / ... para top(01)
Mensaje D / 02:05:00:000 / top(01) / ... para Root(00)
Mensaje X / 02:10:00:000 / Root(00) / wa /      1.00000 para top(01)
Mensaje X / 02:10:00:000 / top(01) / inweatheracceptability /      1.00000 para ct(02)
Mensaje D / 02:10:00:000 / ct(02) / 00:00:15:000 para top(01)
Mensaje D / 02:10:00:000 / top(01) / 00:00:15:000 para Root(00)
Mensaje * / 02:10:15:000 / Root(00) para top(01)
Mensaje * / 02:10:15:000 / top(01) para ct(02)
Mensaje Y / 02:10:15:000 / ct(02) / outlandingclearance /      1.00000 para top(01)
Mensaje D / 02:10:15:000 / ct(02) / ... para top(01)
Mensaje Y / 02:10:15:000 / top(01) / lc /      1.00000 para Root(00)
Mensaje D / 02:10:15:000 / top(01) / ... para Root(00)
Mensaje X / 02:15:00:000 / Root(00) / lr /      1.00000 para top(01)
Mensaje X / 02:15:00:000 / top(01) / inlandingrequest /      1.00000 para ct(02)
Mensaje D / 02:15:00:000 / ct(02) / ... para top(01)
Mensaje D / 02:15:00:000 / top(01) / ... para Root(00)
Mensaje X / 02:20:00:000 / Root(00) / to /      1.00000 para top(01)
Mensaje X / 02:20:00:000 / top(01) / intakeoff /      1.00000 para ct(02)
Mensaje D / 02:20:00:000 / ct(02) / 00:01:23:882 para top(01)
Mensaje D / 02:20:00:000 / top(01) / 00:01:23:882 para Root(00)
Mensaje * / 02:21:23:882 / Root(00) para top(01)
Mensaje * / 02:21:23:882 / top(01) para ct(02)
Mensaje Y / 02:21:23:882 / ct(02) / outtakeoffclearance /      1.00000 para top(01)
Mensaje D / 02:21:23:882 / ct(02) / ... para top(01)
Mensaje Y / 02:21:23:882 / top(01) / tc /      1.00000 para Root(00)
Mensaje D / 02:21:23:882 / top(01) / ... para Root(00)
Mensaje X / 04:00:00:000 / Root(00) / lr /      1.00000 para top(01)
Mensaje X / 04:00:00:000 / top(01) / inlandingrequest /      1.00000 para ct(02)
Mensaje D / 04:00:00:000 / ct(02) / 00:00:30:000 para top(01)
Mensaje D / 04:00:00:000 / top(01) / 00:00:30:000 para Root(00)
Mensaje X / 04:00:10:000 / Root(00) / wa /      0.00000 para top(01)
Mensaje X / 04:00:10:000 / top(01) / inweatheracceptability /      0.00000 para ct(02)
Mensaje D / 04:00:10:000 / ct(02) / 00:00:20:000 para top(01)
Mensaje D / 04:00:10:000 / top(01) / 00:00:20:000 para Root(00)
Mensaje * / 04:00:30:000 / Root(00) para top(01)
Mensaje * / 04:00:30:000 / top(01) para ct(02)
Mensaje Y / 04:00:30:000 / ct(02) / outweathercheck /      1.00000 para top(01)
Mensaje D / 04:00:30:000 / ct(02) / ... para top(01)
Mensaje Y / 04:00:30:000 / top(01) / wc /      1.00000 para Root(00)
Mensaje D / 04:00:30:000 / top(01) / ... para Root(00)
Mensaje X / 04:05:00:000 / Root(00) / wa /      0.00000 para top(01)
Mensaje X / 04:05:00:000 / top(01) / inweatheracceptability /      0.00000 para ct(02)
Mensaje D / 04:05:00:000 / ct(02) / 00:00:15:000 para top(01)
Mensaje D / 04:05:00:000 / top(01) / 00:00:15:000 para Root(00)
Mensaje * / 04:05:15:000 / Root(00) para top(01)
Mensaje * / 04:05:15:000 / top(01) para ct(02)
Mensaje Y / 04:05:15:000 / ct(02) / outlandingclearance /      0.00000 para top(01)
Mensaje D / 04:05:15:000 / ct(02) / ... para top(01)
Mensaje Y / 04:05:15:000 / top(01) / lc /      0.00000 para Root(00)
Mensaje D / 04:05:15:000 / top(01) / ... para Root(00)
Mensaje X / 05:00:00:000 / Root(00) / lr /      1.00000 para top(01)
Mensaje X / 05:00:00:000 / top(01) / inlandingrequest /      1.00000 para ct(02)
Mensaje D / 05:00:00:000 / ct(02) / 00:00:30:000 para top(01)
Mensaje D / 05:00:00:000 / top(01) / 00:00:30:000 para Root(00)
Mensaje * / 05:00:30:000 / Root(00) para top(01)
Mensaje * / 05:00:30:000 / top(01) para ct(02)
Mensaje Y / 05:00:30:000 / ct(02) / outweathercheck /      1.00000 para top(01)
Mensaje D / 05:00:30:000 / ct(02) / ... para top(01)
Mensaje Y / 05:00:30:000 / top(01) / wc /      1.00000 para Root(00)
Mensaje D / 05:00:30:000 / top(01) / ... para Root(00)
Mensaje X / 05:05:00:000 / Root(00) / wa /      0.00000 para top(01)
Mensaje X / 05:05:00:000 / top(01) / inweatheracceptability /      0.00000 para ct(02)
Mensaje D / 05:05:00:000 / ct(02) / 00:00:15:000 para top(01)
Mensaje D / 05:05:00:000 / top(01) / 00:00:15:000 para Root(00)
Mensaje X / 05:05:05:000 / Root(00) / wa /      1.00000 para top(01)
Mensaje X / 05:05:05:000 / top(01) / inweatheracceptability /      1.00000 para ct(02)
Mensaje D / 05:05:05:000 / ct(02) / 00:00:15:000 para top(01)
Mensaje D / 05:05:05:000 / top(01) / 00:00:15:000 para Root(00)
Mensaje * / 05:05:20:000 / Root(00) para top(01)
Mensaje * / 05:05:20:000 / top(01) para ct(02)
Mensaje Y / 05:05:20:000 / ct(02) / outlandingclearance /      1.00000 para top(01)
Mensaje D / 05:05:20:000 / ct(02) / ... para top(01)
Mensaje Y / 05:05:20:000 / top(01) / lc /      1.00000 para Root(00)
Mensaje D / 05:05:20:000 / top(01) / ... para Root(00)
Mensaje X / 05:10:00:000 / Root(00) / to /      1.00000 para top(01)
Mensaje X / 05:10:00:000 / top(01) / intakeoff /      1.00000 para ct(02)
Mensaje D / 05:10:00:000 / ct(02) / 00:01:28:734 para top(01)
Mensaje D / 05:10:00:000 / top(01) / 00:01:28:734 para Root(00)
Mensaje * / 05:11:28:734 / Root(00) para top(01)
Mensaje * / 05:11:28:734 / top(01) para ct(02)
Mensaje Y / 05:11:28:734 / ct(02) / outtakeoffclearance /      1.00000 para top(01)
Mensaje D / 05:11:28:734 / ct(02) / ... para top(01)
Mensaje Y / 05:11:28:734 / top(01) / tc /      1.00000 para Root(00)
Mensaje D / 05:11:28:734 / top(01) / ... para Root(00)
