Mensaje I / 00:00:00:000 / Root(00) para top(01)
Mensaje I / 00:00:00:000 / top(01) para missionplanning(02)
Mensaje D / 00:00:00:000 / missionplanning(02) / ... para top(01)
Mensaje D / 00:00:00:000 / top(01) / ... para Root(00)
Mensaje X / 00:00:10:000 / Root(00) / cl /      1.00000 para top(01)
Mensaje X / 00:00:10:000 / top(01) / incompletedlanding /      1.00000 para missionplanning(02)
Mensaje D / 00:00:10:000 / missionplanning(02) / 00:57:45:532 para top(01)
Mensaje D / 00:00:10:000 / top(01) / 00:57:45:532 para Root(00)
Mensaje * / 00:57:55:532 / Root(00) para top(01)
Mensaje * / 00:57:55:532 / top(01) para missionplanning(02)
Mensaje Y / 00:57:55:532 / missionplanning(02) / outnewmission /      1.00000 para top(01)
Mensaje D / 00:57:55:532 / missionplanning(02) / ... para top(01)
Mensaje Y / 00:57:55:532 / top(01) / nm /      1.00000 para Root(00)
Mensaje D / 00:57:55:532 / top(01) / ... para Root(00)
Mensaje X / 05:00:00:000 / Root(00) / cl /      1.00000 para top(01)
Mensaje X / 05:00:00:000 / top(01) / incompletedlanding /      1.00000 para missionplanning(02)
Mensaje D / 05:00:00:000 / missionplanning(02) / 00:53:47:686 para top(01)
Mensaje D / 05:00:00:000 / top(01) / 00:53:47:686 para Root(00)
Mensaje * / 05:53:47:686 / Root(00) para top(01)
Mensaje * / 05:53:47:686 / top(01) para missionplanning(02)
Mensaje Y / 05:53:47:686 / missionplanning(02) / outnewmission /      1.00000 para top(01)
Mensaje D / 05:53:47:686 / missionplanning(02) / ... para top(01)
Mensaje Y / 05:53:47:686 / top(01) / nm /      1.00000 para Root(00)
Mensaje D / 05:53:47:686 / top(01) / ... para Root(00)
Mensaje X / 10:00:00:000 / Root(00) / cl /      1.00000 para top(01)
Mensaje X / 10:00:00:000 / top(01) / incompletedlanding /      1.00000 para missionplanning(02)
Mensaje D / 10:00:00:000 / missionplanning(02) / 00:59:41:832 para top(01)
Mensaje D / 10:00:00:000 / top(01) / 00:59:41:832 para Root(00)
Mensaje * / 10:59:41:832 / Root(00) para top(01)
Mensaje * / 10:59:41:832 / top(01) para missionplanning(02)
Mensaje Y / 10:59:41:832 / missionplanning(02) / outnewmission /      1.00000 para top(01)
Mensaje D / 10:59:41:832 / missionplanning(02) / ... para top(01)
Mensaje Y / 10:59:41:832 / top(01) / nm /      1.00000 para Root(00)
Mensaje D / 10:59:41:832 / top(01) / ... para Root(00)
Mensaje X / 15:00:00:000 / Root(00) / cl /      1.00000 para top(01)
Mensaje X / 15:00:00:000 / top(01) / incompletedlanding /      1.00000 para missionplanning(02)
Mensaje D / 15:00:00:000 / missionplanning(02) / 00:49:31:475 para top(01)
Mensaje D / 15:00:00:000 / top(01) / 00:49:31:475 para Root(00)
Mensaje * / 15:49:31:475 / Root(00) para top(01)
Mensaje * / 15:49:31:475 / top(01) para missionplanning(02)
Mensaje Y / 15:49:31:475 / missionplanning(02) / outnewmission /      1.00000 para top(01)
Mensaje D / 15:49:31:475 / missionplanning(02) / ... para top(01)
Mensaje Y / 15:49:31:475 / top(01) / nm /      1.00000 para Root(00)
Mensaje D / 15:49:31:475 / top(01) / ... para Root(00)
Mensaje X / 20:00:00:000 / Root(00) / cl /      1.00000 para top(01)
Mensaje X / 20:00:00:000 / top(01) / incompletedlanding /      1.00000 para missionplanning(02)
Mensaje D / 20:00:00:000 / missionplanning(02) / 00:47:40:900 para top(01)
Mensaje D / 20:00:00:000 / top(01) / 00:47:40:900 para Root(00)
Mensaje * / 20:47:40:900 / Root(00) para top(01)
Mensaje * / 20:47:40:900 / top(01) para missionplanning(02)
Mensaje Y / 20:47:40:900 / missionplanning(02) / outnewmission /      1.00000 para top(01)
Mensaje D / 20:47:40:900 / missionplanning(02) / ... para top(01)
Mensaje Y / 20:47:40:900 / top(01) / nm /      1.00000 para Root(00)
Mensaje D / 20:47:40:900 / top(01) / ... para Root(00)
Mensaje X / 25:00:00:000 / Root(00) / cl /      1.00000 para top(01)
Mensaje X / 25:00:00:000 / top(01) / incompletedlanding /      1.00000 para missionplanning(02)
Mensaje D / 25:00:00:000 / missionplanning(02) / 01:47:12:513 para top(01)
Mensaje D / 25:00:00:000 / top(01) / 01:47:12:513 para Root(00)
Mensaje * / 26:47:12:513 / Root(00) para top(01)
Mensaje * / 26:47:12:513 / top(01) para missionplanning(02)
Mensaje Y / 26:47:12:513 / missionplanning(02) / outnewmission /      1.00000 para top(01)
Mensaje D / 26:47:12:513 / missionplanning(02) / ... para top(01)
Mensaje Y / 26:47:12:513 / top(01) / nm /      1.00000 para Root(00)
Mensaje D / 26:47:12:513 / top(01) / ... para Root(00)
Mensaje X / 30:00:00:000 / Root(00) / cl /      1.00000 para top(01)
Mensaje X / 30:00:00:000 / top(01) / incompletedlanding /      1.00000 para missionplanning(02)
Mensaje D / 30:00:00:000 / missionplanning(02) / 00:52:50:653 para top(01)
Mensaje D / 30:00:00:000 / top(01) / 00:52:50:653 para Root(00)
Mensaje * / 30:52:50:653 / Root(00) para top(01)
Mensaje * / 30:52:50:653 / top(01) para missionplanning(02)
Mensaje Y / 30:52:50:653 / missionplanning(02) / outnewmission /      1.00000 para top(01)
Mensaje D / 30:52:50:653 / missionplanning(02) / ... para top(01)
Mensaje Y / 30:52:50:653 / top(01) / nm /      1.00000 para Root(00)
Mensaje D / 30:52:50:653 / top(01) / ... para Root(00)
Mensaje X / 35:00:00:000 / Root(00) / cl /      1.00000 para top(01)
Mensaje X / 35:00:00:000 / top(01) / incompletedlanding /      1.00000 para missionplanning(02)
Mensaje D / 35:00:00:000 / missionplanning(02) / 00:47:06:829 para top(01)
Mensaje D / 35:00:00:000 / top(01) / 00:47:06:829 para Root(00)
Mensaje * / 35:47:06:829 / Root(00) para top(01)
Mensaje * / 35:47:06:829 / top(01) para missionplanning(02)
Mensaje Y / 35:47:06:829 / missionplanning(02) / outnewmission /      1.00000 para top(01)
Mensaje D / 35:47:06:829 / missionplanning(02) / ... para top(01)
Mensaje Y / 35:47:06:829 / top(01) / nm /      1.00000 para Root(00)
Mensaje D / 35:47:06:829 / top(01) / ... para Root(00)
Mensaje X / 40:00:00:000 / Root(00) / cl /      1.00000 para top(01)
Mensaje X / 40:00:00:000 / top(01) / incompletedlanding /      1.00000 para missionplanning(02)
Mensaje D / 40:00:00:000 / missionplanning(02) / 00:54:52:812 para top(01)
Mensaje D / 40:00:00:000 / top(01) / 00:54:52:812 para Root(00)
Mensaje * / 40:54:52:812 / Root(00) para top(01)
Mensaje * / 40:54:52:812 / top(01) para missionplanning(02)
Mensaje Y / 40:54:52:812 / missionplanning(02) / outnewmission /      1.00000 para top(01)
Mensaje D / 40:54:52:812 / missionplanning(02) / ... para top(01)
Mensaje Y / 40:54:52:812 / top(01) / nm /      1.00000 para Root(00)
Mensaje D / 40:54:52:812 / top(01) / ... para Root(00)
Mensaje X / 45:00:00:000 / Root(00) / cl /      1.00000 para top(01)
Mensaje X / 45:00:00:000 / top(01) / incompletedlanding /      1.00000 para missionplanning(02)
Mensaje D / 45:00:00:000 / missionplanning(02) / 01:40:15:069 para top(01)
Mensaje D / 45:00:00:000 / top(01) / 01:40:15:069 para Root(00)
Mensaje * / 46:40:15:069 / Root(00) para top(01)
Mensaje * / 46:40:15:069 / top(01) para missionplanning(02)
Mensaje Y / 46:40:15:069 / missionplanning(02) / outnewmission /      1.00000 para top(01)
Mensaje D / 46:40:15:069 / missionplanning(02) / ... para top(01)
Mensaje Y / 46:40:15:069 / top(01) / nm /      1.00000 para Root(00)
Mensaje D / 46:40:15:069 / top(01) / ... para Root(00)
Mensaje X / 50:00:00:000 / Root(00) / cl /      1.00000 para top(01)
Mensaje X / 50:00:00:000 / top(01) / incompletedlanding /      1.00000 para missionplanning(02)
Mensaje D / 50:00:00:000 / missionplanning(02) / 01:09:14:308 para top(01)
Mensaje D / 50:00:00:000 / top(01) / 01:09:14:308 para Root(00)
Mensaje X / 50:10:00:000 / Root(00) / cl /      1.00000 para top(01)
Mensaje X / 50:10:00:000 / top(01) / incompletedlanding /      1.00000 para missionplanning(02)
Mensaje D / 50:10:00:000 / missionplanning(02) / 01:24:50:362 para top(01)
Mensaje D / 50:10:00:000 / top(01) / 01:24:50:362 para Root(00)
Mensaje X / 50:30:00:000 / Root(00) / cl /      1.00000 para top(01)
Mensaje X / 50:30:00:000 / top(01) / incompletedlanding /      1.00000 para missionplanning(02)
Mensaje D / 50:30:00:000 / missionplanning(02) / 00:49:41:907 para top(01)
Mensaje D / 50:30:00:000 / top(01) / 00:49:41:907 para Root(00)
Mensaje * / 51:19:41:907 / Root(00) para top(01)
Mensaje * / 51:19:41:907 / top(01) para missionplanning(02)
Mensaje Y / 51:19:41:907 / missionplanning(02) / outnewmission /      1.00000 para top(01)
Mensaje D / 51:19:41:907 / missionplanning(02) / ... para top(01)
Mensaje Y / 51:19:41:907 / top(01) / nm /      1.00000 para Root(00)
Mensaje D / 51:19:41:907 / top(01) / ... para Root(00)
Mensaje X / 55:00:00:000 / Root(00) / cl /      1.00000 para top(01)
Mensaje X / 55:00:00:000 / top(01) / incompletedlanding /      1.00000 para missionplanning(02)
Mensaje D / 55:00:00:000 / missionplanning(02) / 00:44:14:588 para top(01)
Mensaje D / 55:00:00:000 / top(01) / 00:44:14:588 para Root(00)
Mensaje X / 55:30:00:000 / Root(00) / cl /      1.00000 para top(01)
Mensaje X / 55:30:00:000 / top(01) / incompletedlanding /      1.00000 para missionplanning(02)
Mensaje D / 55:30:00:000 / missionplanning(02) / 00:45:35:017 para top(01)
Mensaje D / 55:30:00:000 / top(01) / 00:45:35:017 para Root(00)
Mensaje * / 56:15:35:017 / Root(00) para top(01)
Mensaje * / 56:15:35:017 / top(01) para missionplanning(02)
Mensaje Y / 56:15:35:017 / missionplanning(02) / outnewmission /      1.00000 para top(01)
Mensaje D / 56:15:35:017 / missionplanning(02) / ... para top(01)
Mensaje Y / 56:15:35:017 / top(01) / nm /      1.00000 para Root(00)
Mensaje D / 56:15:35:017 / top(01) / ... para Root(00)
Mensaje X / 60:00:00:000 / Root(00) / cl /      1.00000 para top(01)
Mensaje X / 60:00:00:000 / top(01) / incompletedlanding /      1.00000 para missionplanning(02)
Mensaje D / 60:00:00:000 / missionplanning(02) / 00:48:36:844 para top(01)
Mensaje D / 60:00:00:000 / top(01) / 00:48:36:844 para Root(00)
Mensaje X / 60:30:00:000 / Root(00) / cl /      1.00000 para top(01)
Mensaje X / 60:30:00:000 / top(01) / incompletedlanding /      1.00000 para missionplanning(02)
Mensaje D / 60:30:00:000 / missionplanning(02) / 01:27:21:858 para top(01)
Mensaje D / 60:30:00:000 / top(01) / 01:27:21:858 para Root(00)
Mensaje * / 61:57:21:858 / Root(00) para top(01)
Mensaje * / 61:57:21:858 / top(01) para missionplanning(02)
Mensaje Y / 61:57:21:858 / missionplanning(02) / outnewmission /      1.00000 para top(01)
Mensaje D / 61:57:21:858 / missionplanning(02) / ... para top(01)
Mensaje Y / 61:57:21:858 / top(01) / nm /      1.00000 para Root(00)
Mensaje D / 61:57:21:858 / top(01) / ... para Root(00)
