Mensaje I / 00:00:00:000 / Root(00) para top(01)
Mensaje I / 00:00:00:000 / top(01) para ch148(02)
Mensaje D / 00:00:00:000 / ch148(02) / ... para top(01)
Mensaje D / 00:00:00:000 / top(01) / ... para Root(00)
Mensaje X / 00:05:00:000 / Root(00) / ih /      1.00000 para top(01)
Mensaje X / 00:05:00:000 / top(01) / inhelicopter /      1.00000 para ch148(02)
Mensaje D / 00:05:00:000 / ch148(02) / 00:00:00:000 para top(01)
Mensaje D / 00:05:00:000 / top(01) / 00:00:00:000 para Root(00)
Mensaje * / 00:05:00:000 / Root(00) para top(01)
Mensaje * / 00:05:00:000 / top(01) para ch148(02)
Mensaje Y / 00:05:00:000 / ch148(02) / outdeckavailabilitycheck /      1.00000 para top(01)
Mensaje D / 00:05:00:000 / ch148(02) / ... para top(01)
Mensaje Y / 00:05:00:000 / top(01) / dc /      1.00000 para Root(00)
Mensaje D / 00:05:00:000 / top(01) / ... para Root(00)
Mensaje X / 00:10:00:000 / Root(00) / da /      1.00000 para top(01)
Mensaje X / 00:10:00:000 / top(01) / indeckavailability /      1.00000 para ch148(02)
Mensaje D / 00:10:00:000 / ch148(02) / 00:02:00:000 para top(01)
Mensaje D / 00:10:00:000 / top(01) / 00:02:00:000 para Root(00)
Mensaje * / 00:12:00:000 / Root(00) para top(01)
Mensaje * / 00:12:00:000 / top(01) para ch148(02)
Mensaje Y / 00:12:00:000 / ch148(02) / outlandingrequest /      1.00000 para top(01)
Mensaje D / 00:12:00:000 / ch148(02) / ... para top(01)
Mensaje Y / 00:12:00:000 / top(01) / lr /      1.00000 para Root(00)
Mensaje D / 00:12:00:000 / top(01) / ... para Root(00)
Mensaje X / 00:15:00:000 / Root(00) / lc /      1.00000 para top(01)
Mensaje X / 00:15:00:000 / top(01) / inlandingclearance /      1.00000 para ch148(02)
Mensaje D / 00:15:00:000 / ch148(02) / 00:00:30:000 para top(01)
Mensaje D / 00:15:00:000 / top(01) / 00:00:30:000 para Root(00)
Mensaje * / 00:15:30:000 / Root(00) para top(01)
Mensaje * / 00:15:30:000 / top(01) para ch148(02)
Mensaje D / 00:15:30:000 / ch148(02) / ... para top(01)
Mensaje D / 00:15:30:000 / top(01) / ... para Root(00)
Mensaje X / 00:20:00:000 / Root(00) / tc /      1.00000 para top(01)
Mensaje X / 00:20:00:000 / top(01) / intakeoffclearance /      1.00000 para ch148(02)
Mensaje D / 00:20:00:000 / ch148(02) / 00:01:00:000 para top(01)
Mensaje D / 00:20:00:000 / top(01) / 00:01:00:000 para Root(00)
Mensaje * / 00:21:00:000 / Root(00) para top(01)
Mensaje * / 00:21:00:000 / top(01) para ch148(02)
Mensaje Y / 00:21:00:000 / ch148(02) / outhelicopter /      1.00000 para top(01)
Mensaje D / 00:21:00:000 / ch148(02) / ... para top(01)
Mensaje Y / 00:21:00:000 / top(01) / oh /      1.00000 para Root(00)
Mensaje D / 00:21:00:000 / top(01) / ... para Root(00)
Mensaje X / 01:00:00:000 / Root(00) / ih /      1.00000 para top(01)
Mensaje X / 01:00:00:000 / top(01) / inhelicopter /      1.00000 para ch148(02)
Mensaje D / 01:00:00:000 / ch148(02) / 00:00:00:000 para top(01)
Mensaje D / 01:00:00:000 / top(01) / 00:00:00:000 para Root(00)
Mensaje * / 01:00:00:000 / Root(00) para top(01)
Mensaje * / 01:00:00:000 / top(01) para ch148(02)
Mensaje Y / 01:00:00:000 / ch148(02) / outdeckavailabilitycheck /      1.00000 para top(01)
Mensaje D / 01:00:00:000 / ch148(02) / ... para top(01)
Mensaje Y / 01:00:00:000 / top(01) / dc /      1.00000 para Root(00)
Mensaje D / 01:00:00:000 / top(01) / ... para Root(00)
Mensaje X / 01:05:00:000 / Root(00) / lc /      1.00000 para top(01)
Mensaje X / 01:05:00:000 / top(01) / inlandingclearance /      1.00000 para ch148(02)
Mensaje D / 01:05:00:000 / ch148(02) / ... para top(01)
Mensaje D / 01:05:00:000 / top(01) / ... para Root(00)
Mensaje X / 01:10:00:000 / Root(00) / tc /      1.00000 para top(01)
Mensaje X / 01:10:00:000 / top(01) / intakeoffclearance /      1.00000 para ch148(02)
Mensaje D / 01:10:00:000 / ch148(02) / ... para top(01)
Mensaje D / 01:10:00:000 / top(01) / ... para Root(00)
Mensaje X / 01:15:00:000 / Root(00) / da /      1.00000 para top(01)
Mensaje X / 01:15:00:000 / top(01) / indeckavailability /      1.00000 para ch148(02)
Mensaje D / 01:15:00:000 / ch148(02) / 00:02:00:000 para top(01)
Mensaje D / 01:15:00:000 / top(01) / 00:02:00:000 para Root(00)
Mensaje * / 01:17:00:000 / Root(00) para top(01)
Mensaje * / 01:17:00:000 / top(01) para ch148(02)
Mensaje Y / 01:17:00:000 / ch148(02) / outlandingrequest /      1.00000 para top(01)
Mensaje D / 01:17:00:000 / ch148(02) / ... para top(01)
Mensaje Y / 01:17:00:000 / top(01) / lr /      1.00000 para Root(00)
Mensaje D / 01:17:00:000 / top(01) / ... para Root(00)
Mensaje X / 01:20:00:000 / Root(00) / ih /      1.00000 para top(01)
Mensaje X / 01:20:00:000 / top(01) / inhelicopter /      1.00000 para ch148(02)
Mensaje D / 01:20:00:000 / ch148(02) / ... para top(01)
Mensaje D / 01:20:00:000 / top(01) / ... para Root(00)
Mensaje X / 01:25:00:000 / Root(00) / tc /      1.00000 para top(01)
Mensaje X / 01:25:00:000 / top(01) / intakeoffclearance /      1.00000 para ch148(02)
Mensaje D / 01:25:00:000 / ch148(02) / ... para top(01)
Mensaje D / 01:25:00:000 / top(01) / ... para Root(00)
Mensaje X / 01:30:00:000 / Root(00) / lc /      1.00000 para top(01)
Mensaje X / 01:30:00:000 / top(01) / inlandingclearance /      1.00000 para ch148(02)
Mensaje D / 01:30:00:000 / ch148(02) / 00:00:30:000 para top(01)
Mensaje D / 01:30:00:000 / top(01) / 00:00:30:000 para Root(00)
Mensaje * / 01:30:30:000 / Root(00) para top(01)
Mensaje * / 01:30:30:000 / top(01) para ch148(02)
Mensaje D / 01:30:30:000 / ch148(02) / ... para top(01)
Mensaje D / 01:30:30:000 / top(01) / ... para Root(00)
Mensaje X / 01:35:00:000 / Root(00) / ih /      1.00000 para top(01)
Mensaje X / 01:35:00:000 / top(01) / inhelicopter /      1.00000 para ch148(02)
Mensaje D / 01:35:00:000 / ch148(02) / ... para top(01)
Mensaje D / 01:35:00:000 / top(01) / ... para Root(00)
Mensaje X / 01:40:00:000 / Root(00) / da /      1.00000 para top(01)
Mensaje X / 01:40:00:000 / top(01) / indeckavailability /      1.00000 para ch148(02)
Mensaje D / 01:40:00:000 / ch148(02) / ... para top(01)
Mensaje D / 01:40:00:000 / top(01) / ... para Root(00)
Mensaje X / 01:45:00:000 / Root(00) / tc /      1.00000 para top(01)
Mensaje X / 01:45:00:000 / top(01) / intakeoffclearance /      1.00000 para ch148(02)
Mensaje D / 01:45:00:000 / ch148(02) / 00:01:00:000 para top(01)
Mensaje D / 01:45:00:000 / top(01) / 00:01:00:000 para Root(00)
Mensaje * / 01:46:00:000 / Root(00) para top(01)
Mensaje * / 01:46:00:000 / top(01) para ch148(02)
Mensaje Y / 01:46:00:000 / ch148(02) / outhelicopter /      1.00000 para top(01)
Mensaje D / 01:46:00:000 / ch148(02) / ... para top(01)
Mensaje Y / 01:46:00:000 / top(01) / oh /      1.00000 para Root(00)
Mensaje D / 01:46:00:000 / top(01) / ... para Root(00)
Mensaje X / 02:00:00:000 / Root(00) / ih /      1.00000 para top(01)
Mensaje X / 02:00:00:000 / top(01) / inhelicopter /      1.00000 para ch148(02)
Mensaje D / 02:00:00:000 / ch148(02) / 00:00:00:000 para top(01)
Mensaje D / 02:00:00:000 / top(01) / 00:00:00:000 para Root(00)
Mensaje * / 02:00:00:000 / Root(00) para top(01)
Mensaje * / 02:00:00:000 / top(01) para ch148(02)
Mensaje Y / 02:00:00:000 / ch148(02) / outdeckavailabilitycheck /      1.00000 para top(01)
Mensaje D / 02:00:00:000 / ch148(02) / ... para top(01)
Mensaje Y / 02:00:00:000 / top(01) / dc /      1.00000 para Root(00)
Mensaje D / 02:00:00:000 / top(01) / ... para Root(00)
Mensaje X / 02:05:00:000 / Root(00) / da /      0.00000 para top(01)
Mensaje X / 02:05:00:000 / top(01) / indeckavailability /      0.00000 para ch148(02)
Mensaje D / 02:05:00:000 / ch148(02) / 00:01:00:000 para top(01)
Mensaje D / 02:05:00:000 / top(01) / 00:01:00:000 para Root(00)
Mensaje * / 02:06:00:000 / Root(00) para top(01)
Mensaje * / 02:06:00:000 / top(01) para ch148(02)
Mensaje Y / 02:06:00:000 / ch148(02) / outhelicopter /      1.00000 para top(01)
Mensaje D / 02:06:00:000 / ch148(02) / ... para top(01)
Mensaje Y / 02:06:00:000 / top(01) / oh /      1.00000 para Root(00)
Mensaje D / 02:06:00:000 / top(01) / ... para Root(00)
Mensaje X / 02:30:00:000 / Root(00) / ih /      1.00000 para top(01)
Mensaje X / 02:30:00:000 / top(01) / inhelicopter /      1.00000 para ch148(02)
Mensaje D / 02:30:00:000 / ch148(02) / 00:00:00:000 para top(01)
Mensaje D / 02:30:00:000 / top(01) / 00:00:00:000 para Root(00)
Mensaje * / 02:30:00:000 / Root(00) para top(01)
Mensaje * / 02:30:00:000 / top(01) para ch148(02)
Mensaje Y / 02:30:00:000 / ch148(02) / outdeckavailabilitycheck /      1.00000 para top(01)
Mensaje D / 02:30:00:000 / ch148(02) / ... para top(01)
Mensaje Y / 02:30:00:000 / top(01) / dc /      1.00000 para Root(00)
Mensaje D / 02:30:00:000 / top(01) / ... para Root(00)
Mensaje X / 02:35:00:000 / Root(00) / da /      1.00000 para top(01)
Mensaje X / 02:35:00:000 / top(01) / indeckavailability /      1.00000 para ch148(02)
Mensaje D / 02:35:00:000 / ch148(02) / 00:02:00:000 para top(01)
Mensaje D / 02:35:00:000 / top(01) / 00:02:00:000 para Root(00)
Mensaje * / 02:37:00:000 / Root(00) para top(01)
Mensaje * / 02:37:00:000 / top(01) para ch148(02)
Mensaje Y / 02:37:00:000 / ch148(02) / outlandingrequest /      1.00000 para top(01)
Mensaje D / 02:37:00:000 / ch148(02) / ... para top(01)
Mensaje Y / 02:37:00:000 / top(01) / lr /      1.00000 para Root(00)
Mensaje D / 02:37:00:000 / top(01) / ... para Root(00)
Mensaje X / 02:40:00:000 / Root(00) / lc /      0.00000 para top(01)
Mensaje X / 02:40:00:000 / top(01) / inlandingclearance /      0.00000 para ch148(02)
Mensaje D / 02:40:00:000 / ch148(02) / 00:01:00:000 para top(01)
Mensaje D / 02:40:00:000 / top(01) / 00:01:00:000 para Root(00)
Mensaje * / 02:41:00:000 / Root(00) para top(01)
Mensaje * / 02:41:00:000 / top(01) para ch148(02)
Mensaje Y / 02:41:00:000 / ch148(02) / outhelicopter /      1.00000 para top(01)
Mensaje D / 02:41:00:000 / ch148(02) / ... para top(01)
Mensaje Y / 02:41:00:000 / top(01) / oh /      1.00000 para Root(00)
Mensaje D / 02:41:00:000 / top(01) / ... para Root(00)
Mensaje X / 03:00:00:000 / Root(00) / ih /      1.00000 para top(01)
Mensaje X / 03:00:00:000 / top(01) / inhelicopter /      1.00000 para ch148(02)
Mensaje D / 03:00:00:000 / ch148(02) / 00:00:00:000 para top(01)
Mensaje D / 03:00:00:000 / top(01) / 00:00:00:000 para Root(00)
Mensaje * / 03:00:00:000 / Root(00) para top(01)
Mensaje * / 03:00:00:000 / top(01) para ch148(02)
Mensaje Y / 03:00:00:000 / ch148(02) / outdeckavailabilitycheck /      1.00000 para top(01)
Mensaje D / 03:00:00:000 / ch148(02) / ... para top(01)
Mensaje Y / 03:00:00:000 / top(01) / dc /      1.00000 para Root(00)
Mensaje D / 03:00:00:000 / top(01) / ... para Root(00)
Mensaje X / 03:05:00:000 / Root(00) / da /      1.00000 para top(01)
Mensaje X / 03:05:00:000 / top(01) / indeckavailability /      1.00000 para ch148(02)
Mensaje D / 03:05:00:000 / ch148(02) / 00:02:00:000 para top(01)
Mensaje D / 03:05:00:000 / top(01) / 00:02:00:000 para Root(00)
Mensaje * / 03:07:00:000 / Root(00) para top(01)
Mensaje * / 03:07:00:000 / top(01) para ch148(02)
Mensaje Y / 03:07:00:000 / ch148(02) / outlandingrequest /      1.00000 para top(01)
Mensaje D / 03:07:00:000 / ch148(02) / ... para top(01)
Mensaje Y / 03:07:00:000 / top(01) / lr /      1.00000 para Root(00)
Mensaje D / 03:07:00:000 / top(01) / ... para Root(00)
Mensaje X / 03:10:00:000 / Root(00) / lc /      1.00000 para top(01)
Mensaje X / 03:10:00:000 / top(01) / inlandingclearance /      1.00000 para ch148(02)
Mensaje D / 03:10:00:000 / ch148(02) / 00:00:30:000 para top(01)
Mensaje D / 03:10:00:000 / top(01) / 00:00:30:000 para Root(00)
Mensaje X / 03:10:10:000 / Root(00) / lc /      1.00000 para top(01)
Mensaje X / 03:10:10:000 / top(01) / inlandingclearance /      1.00000 para ch148(02)
Mensaje D / 03:10:10:000 / ch148(02) / 00:00:20:000 para top(01)
Mensaje D / 03:10:10:000 / top(01) / 00:00:20:000 para Root(00)
Mensaje * / 03:10:30:000 / Root(00) para top(01)
Mensaje * / 03:10:30:000 / top(01) para ch148(02)
Mensaje D / 03:10:30:000 / ch148(02) / ... para top(01)
Mensaje D / 03:10:30:000 / top(01) / ... para Root(00)
Mensaje X / 03:15:00:000 / Root(00) / tc /      1.00000 para top(01)
Mensaje X / 03:15:00:000 / top(01) / intakeoffclearance /      1.00000 para ch148(02)
Mensaje D / 03:15:00:000 / ch148(02) / 00:01:00:000 para top(01)
Mensaje D / 03:15:00:000 / top(01) / 00:01:00:000 para Root(00)
Mensaje * / 03:16:00:000 / Root(00) para top(01)
Mensaje * / 03:16:00:000 / top(01) para ch148(02)
Mensaje Y / 03:16:00:000 / ch148(02) / outhelicopter /      1.00000 para top(01)
Mensaje D / 03:16:00:000 / ch148(02) / ... para top(01)
Mensaje Y / 03:16:00:000 / top(01) / oh /      1.00000 para Root(00)
Mensaje D / 03:16:00:000 / top(01) / ... para Root(00)
Mensaje X / 04:00:00:000 / Root(00) / ih /      1.00000 para top(01)
Mensaje X / 04:00:00:000 / top(01) / inhelicopter /      1.00000 para ch148(02)
Mensaje D / 04:00:00:000 / ch148(02) / 00:00:00:000 para top(01)
Mensaje D / 04:00:00:000 / top(01) / 00:00:00:000 para Root(00)
Mensaje * / 04:00:00:000 / Root(00) para top(01)
Mensaje * / 04:00:00:000 / top(01) para ch148(02)
Mensaje Y / 04:00:00:000 / ch148(02) / outdeckavailabilitycheck /      1.00000 para top(01)
Mensaje D / 04:00:00:000 / ch148(02) / ... para top(01)
Mensaje Y / 04:00:00:000 / top(01) / dc /      1.00000 para Root(00)
Mensaje D / 04:00:00:000 / top(01) / ... para Root(00)
Mensaje X / 04:05:00:000 / Root(00) / da /      1.00000 para top(01)
Mensaje X / 04:05:00:000 / top(01) / indeckavailability /      1.00000 para ch148(02)
Mensaje D / 04:05:00:000 / ch148(02) / 00:02:00:000 para top(01)
Mensaje D / 04:05:00:000 / top(01) / 00:02:00:000 para Root(00)
Mensaje * / 04:07:00:000 / Root(00) para top(01)
Mensaje * / 04:07:00:000 / top(01) para ch148(02)
Mensaje Y / 04:07:00:000 / ch148(02) / outlandingrequest /      1.00000 para top(01)
Mensaje D / 04:07:00:000 / ch148(02) / ... para top(01)
Mensaje Y / 04:07:00:000 / top(01) / lr /      1.00000 para Root(00)
Mensaje D / 04:07:00:000 / top(01) / ... para Root(00)
Mensaje X / 04:10:00:000 / Root(00) / lc /      1.00000 para top(01)
Mensaje X / 04:10:00:000 / top(01) / inlandingclearance /      1.00000 para ch148(02)
Mensaje D / 04:10:00:000 / ch148(02) / 00:00:30:000 para top(01)
Mensaje D / 04:10:00:000 / top(01) / 00:00:30:000 para Root(00)
Mensaje X / 04:10:10:000 / Root(00) / lc /      0.00000 para top(01)
Mensaje X / 04:10:10:000 / top(01) / inlandingclearance /      0.00000 para ch148(02)
Mensaje D / 04:10:10:000 / ch148(02) / 00:01:00:000 para top(01)
Mensaje D / 04:10:10:000 / top(01) / 00:01:00:000 para Root(00)
Mensaje * / 04:11:10:000 / Root(00) para top(01)
Mensaje * / 04:11:10:000 / top(01) para ch148(02)
Mensaje Y / 04:11:10:000 / ch148(02) / outhelicopter /      1.00000 para top(01)
Mensaje D / 04:11:10:000 / ch148(02) / ... para top(01)
Mensaje Y / 04:11:10:000 / top(01) / oh /      1.00000 para Root(00)
Mensaje D / 04:11:10:000 / top(01) / ... para Root(00)
Mensaje X / 04:15:00:000 / Root(00) / da /      1.00000 para top(01)
Mensaje X / 04:15:00:000 / top(01) / indeckavailability /      1.00000 para ch148(02)
Mensaje D / 04:15:00:000 / ch148(02) / ... para top(01)
Mensaje D / 04:15:00:000 / top(01) / ... para Root(00)
