Mensaje I / 00:00:00:000 / Root(00) para top(01)
Mensaje I / 00:00:00:000 / top(01) para mp(02)
Mensaje I / 00:00:00:000 / top(01) para hangar(03)
Mensaje I / 00:00:00:000 / top(01) para rast(04)
Mensaje D / 00:00:00:000 / mp(02) / ... para top(01)
Mensaje D / 00:00:00:000 / hangar(03) / ... para top(01)
Mensaje D / 00:00:00:000 / rast(04) / ... para top(01)
Mensaje D / 00:00:00:000 / top(01) / ... para Root(00)
Mensaje X / 00:00:10:000 / Root(00) / lc /      0.00000 para top(01)
Mensaje X / 00:00:10:000 / top(01) / inlandingclearance /      0.00000 para rast(04)
Mensaje D / 00:00:10:000 / rast(04) / ... para top(01)
Mensaje D / 00:00:10:000 / top(01) / ... para Root(00)
Mensaje X / 01:00:00:000 / Root(00) / lc /      0.00000 para top(01)
Mensaje X / 01:00:00:000 / top(01) / inlandingclearance /      0.00000 para rast(04)
Mensaje D / 01:00:00:000 / rast(04) / ... para top(01)
Mensaje D / 01:00:00:000 / top(01) / ... para Root(00)
Mensaje X / 05:00:00:000 / Root(00) / lc /      1.00000 para top(01)
Mensaje X / 05:00:00:000 / top(01) / inlandingclearance /      1.00000 para rast(04)
Mensaje D / 05:00:00:000 / rast(04) / 00:10:00:000 para top(01)
Mensaje D / 05:00:00:000 / top(01) / 00:10:00:000 para Root(00)
Mensaje * / 05:10:00:000 / Root(00) para top(01)
Mensaje * / 05:10:00:000 / top(01) para rast(04)
Mensaje Y / 05:10:00:000 / rast(04) / outcompletedlanding /      1.00000 para top(01)
Mensaje D / 05:10:00:000 / rast(04) / ... para top(01)
Mensaje X / 05:10:00:000 / top(01) / incompletedlanding /      1.00000 para mp(02)
Mensaje X / 05:10:00:000 / top(01) / incompletedlanding /      1.00000 para hangar(03)
Mensaje D / 05:10:00:000 / mp(02) / 00:57:45:532 para top(01)
Mensaje D / 05:10:00:000 / hangar(03) / 00:00:00:000 para top(01)
Mensaje D / 05:10:00:000 / top(01) / 00:00:00:000 para Root(00)
Mensaje * / 05:10:00:000 / Root(00) para top(01)
Mensaje * / 05:10:00:000 / top(01) para hangar(03)
Mensaje Y / 05:10:00:000 / hangar(03) / outhangaravailability /      0.00000 para top(01)
Mensaje D / 05:10:00:000 / hangar(03) / ... para top(01)
Mensaje Y / 05:10:00:000 / top(01) / ha /      0.00000 para Root(00)
Mensaje D / 05:10:00:000 / top(01) / 00:57:45:532 para Root(00)
Mensaje * / 06:07:45:532 / Root(00) para top(01)
Mensaje * / 06:07:45:532 / top(01) para mp(02)
Mensaje Y / 06:07:45:532 / mp(02) / outnewmission /      1.00000 para top(01)
Mensaje D / 06:07:45:532 / mp(02) / ... para top(01)
Mensaje X / 06:07:45:532 / top(01) / innewmission /      1.00000 para rast(04)
Mensaje D / 06:07:45:532 / rast(04) / 00:05:00:000 para top(01)
Mensaje D / 06:07:45:532 / top(01) / 00:05:00:000 para Root(00)
Mensaje * / 06:12:45:532 / Root(00) para top(01)
Mensaje * / 06:12:45:532 / top(01) para rast(04)
Mensaje Y / 06:12:45:532 / rast(04) / outtakeoff /      1.00000 para top(01)
Mensaje D / 06:12:45:532 / rast(04) / ... para top(01)
Mensaje Y / 06:12:45:532 / top(01) / to /      1.00000 para Root(00)
Mensaje X / 06:12:45:532 / top(01) / intakeoff /      1.00000 para hangar(03)
Mensaje D / 06:12:45:532 / hangar(03) / 00:00:30:000 para top(01)
Mensaje D / 06:12:45:532 / top(01) / 00:00:30:000 para Root(00)
Mensaje * / 06:13:15:532 / Root(00) para top(01)
Mensaje * / 06:13:15:532 / top(01) para hangar(03)
Mensaje Y / 06:13:15:532 / hangar(03) / outhangaravailability /      1.00000 para top(01)
Mensaje D / 06:13:15:532 / hangar(03) / ... para top(01)
Mensaje Y / 06:13:15:532 / top(01) / ha /      1.00000 para Root(00)
Mensaje D / 06:13:15:532 / top(01) / ... para Root(00)
Mensaje X / 10:00:00:000 / Root(00) / lc /      1.00000 para top(01)
Mensaje X / 10:00:00:000 / top(01) / inlandingclearance /      1.00000 para rast(04)
Mensaje D / 10:00:00:000 / rast(04) / 00:10:00:000 para top(01)
Mensaje D / 10:00:00:000 / top(01) / 00:10:00:000 para Root(00)
Mensaje X / 10:01:00:000 / Root(00) / lc /      1.00000 para top(01)
Mensaje X / 10:01:00:000 / top(01) / inlandingclearance /      1.00000 para rast(04)
Mensaje D / 10:01:00:000 / rast(04) / 00:09:00:000 para top(01)
Mensaje D / 10:01:00:000 / top(01) / 00:09:00:000 para Root(00)
Mensaje * / 10:10:00:000 / Root(00) para top(01)
Mensaje * / 10:10:00:000 / top(01) para rast(04)
Mensaje Y / 10:10:00:000 / rast(04) / outcompletedlanding /      1.00000 para top(01)
Mensaje D / 10:10:00:000 / rast(04) / ... para top(01)
Mensaje X / 10:10:00:000 / top(01) / incompletedlanding /      1.00000 para mp(02)
Mensaje X / 10:10:00:000 / top(01) / incompletedlanding /      1.00000 para hangar(03)
Mensaje D / 10:10:00:000 / mp(02) / 00:53:47:686 para top(01)
Mensaje D / 10:10:00:000 / hangar(03) / 00:00:00:000 para top(01)
Mensaje D / 10:10:00:000 / top(01) / 00:00:00:000 para Root(00)
Mensaje * / 10:10:00:000 / Root(00) para top(01)
Mensaje * / 10:10:00:000 / top(01) para hangar(03)
Mensaje Y / 10:10:00:000 / hangar(03) / outhangaravailability /      0.00000 para top(01)
Mensaje D / 10:10:00:000 / hangar(03) / ... para top(01)
Mensaje Y / 10:10:00:000 / top(01) / ha /      0.00000 para Root(00)
Mensaje D / 10:10:00:000 / top(01) / 00:53:47:686 para Root(00)
Mensaje * / 11:03:47:686 / Root(00) para top(01)
Mensaje * / 11:03:47:686 / top(01) para mp(02)
Mensaje Y / 11:03:47:686 / mp(02) / outnewmission /      1.00000 para top(01)
Mensaje D / 11:03:47:686 / mp(02) / ... para top(01)
Mensaje X / 11:03:47:686 / top(01) / innewmission /      1.00000 para rast(04)
Mensaje D / 11:03:47:686 / rast(04) / 00:05:00:000 para top(01)
Mensaje D / 11:03:47:686 / top(01) / 00:05:00:000 para Root(00)
Mensaje * / 11:08:47:686 / Root(00) para top(01)
Mensaje * / 11:08:47:686 / top(01) para rast(04)
Mensaje Y / 11:08:47:686 / rast(04) / outtakeoff /      1.00000 para top(01)
Mensaje D / 11:08:47:686 / rast(04) / ... para top(01)
Mensaje Y / 11:08:47:686 / top(01) / to /      1.00000 para Root(00)
Mensaje X / 11:08:47:686 / top(01) / intakeoff /      1.00000 para hangar(03)
Mensaje D / 11:08:47:686 / hangar(03) / 00:00:30:000 para top(01)
Mensaje D / 11:08:47:686 / top(01) / 00:00:30:000 para Root(00)
Mensaje * / 11:09:17:686 / Root(00) para top(01)
Mensaje * / 11:09:17:686 / top(01) para hangar(03)
Mensaje Y / 11:09:17:686 / hangar(03) / outhangaravailability /      1.00000 para top(01)
Mensaje D / 11:09:17:686 / hangar(03) / ... para top(01)
Mensaje Y / 11:09:17:686 / top(01) / ha /      1.00000 para Root(00)
Mensaje D / 11:09:17:686 / top(01) / ... para Root(00)
Mensaje X / 15:00:00:000 / Root(00) / lc /      1.00000 para top(01)
Mensaje X / 15:00:00:000 / top(01) / inlandingclearance /      1.00000 para rast(04)
Mensaje D / 15:00:00:000 / rast(04) / 00:10:00:000 para top(01)
Mensaje D / 15:00:00:000 / top(01) / 00:10:00:000 para Root(00)
Mensaje X / 15:01:00:000 / Root(00) / lc /      0.00000 para top(01)
Mensaje X / 15:01:00:000 / top(01) / inlandingclearance /      0.00000 para rast(04)
Mensaje D / 15:01:00:000 / rast(04) / 00:09:00:000 para top(01)
Mensaje D / 15:01:00:000 / top(01) / 00:09:00:000 para Root(00)
Mensaje * / 15:10:00:000 / Root(00) para top(01)
Mensaje * / 15:10:00:000 / top(01) para rast(04)
Mensaje Y / 15:10:00:000 / rast(04) / outcompletedlanding /      1.00000 para top(01)
Mensaje D / 15:10:00:000 / rast(04) / ... para top(01)
Mensaje X / 15:10:00:000 / top(01) / incompletedlanding /      1.00000 para mp(02)
Mensaje X / 15:10:00:000 / top(01) / incompletedlanding /      1.00000 para hangar(03)
Mensaje D / 15:10:00:000 / mp(02) / 00:59:41:832 para top(01)
Mensaje D / 15:10:00:000 / hangar(03) / 00:00:00:000 para top(01)
Mensaje D / 15:10:00:000 / top(01) / 00:00:00:000 para Root(00)
Mensaje * / 15:10:00:000 / Root(00) para top(01)
Mensaje * / 15:10:00:000 / top(01) para hangar(03)
Mensaje Y / 15:10:00:000 / hangar(03) / outhangaravailability /      0.00000 para top(01)
Mensaje D / 15:10:00:000 / hangar(03) / ... para top(01)
Mensaje Y / 15:10:00:000 / top(01) / ha /      0.00000 para Root(00)
Mensaje D / 15:10:00:000 / top(01) / 00:59:41:832 para Root(00)
Mensaje * / 16:09:41:832 / Root(00) para top(01)
Mensaje * / 16:09:41:832 / top(01) para mp(02)
Mensaje Y / 16:09:41:832 / mp(02) / outnewmission /      1.00000 para top(01)
Mensaje D / 16:09:41:832 / mp(02) / ... para top(01)
Mensaje X / 16:09:41:832 / top(01) / innewmission /      1.00000 para rast(04)
Mensaje D / 16:09:41:832 / rast(04) / 00:05:00:000 para top(01)
Mensaje D / 16:09:41:832 / top(01) / 00:05:00:000 para Root(00)
Mensaje * / 16:14:41:832 / Root(00) para top(01)
Mensaje * / 16:14:41:832 / top(01) para rast(04)
Mensaje Y / 16:14:41:832 / rast(04) / outtakeoff /      1.00000 para top(01)
Mensaje D / 16:14:41:832 / rast(04) / ... para top(01)
Mensaje Y / 16:14:41:832 / top(01) / to /      1.00000 para Root(00)
Mensaje X / 16:14:41:832 / top(01) / intakeoff /      1.00000 para hangar(03)
Mensaje D / 16:14:41:832 / hangar(03) / 00:00:30:000 para top(01)
Mensaje D / 16:14:41:832 / top(01) / 00:00:30:000 para Root(00)
Mensaje * / 16:15:11:832 / Root(00) para top(01)
Mensaje * / 16:15:11:832 / top(01) para hangar(03)
Mensaje Y / 16:15:11:832 / hangar(03) / outhangaravailability /      1.00000 para top(01)
Mensaje D / 16:15:11:832 / hangar(03) / ... para top(01)
Mensaje Y / 16:15:11:832 / top(01) / ha /      1.00000 para Root(00)
Mensaje D / 16:15:11:832 / top(01) / ... para Root(00)
