Mensaje I / 00:00:00:000 / Root(00) para top(01)
Mensaje I / 00:00:00:000 / top(01) para deckofficer(02)
Mensaje D / 00:00:00:000 / deckofficer(02) / ... para top(01)
Mensaje D / 00:00:00:000 / top(01) / ... para Root(00)
Mensaje X / 00:00:10:000 / Root(00) / dc /      1.00000 para top(01)
Mensaje X / 00:00:10:000 / top(01) / indeckavailabilitycheck /      1.00000 para deckofficer(02)
Mensaje D / 00:00:10:000 / deckofficer(02) / 00:00:10:000 para top(01)
Mensaje D / 00:00:10:000 / top(01) / 00:00:10:000 para Root(00)
Mensaje * / 00:00:20:000 / Root(00) para top(01)
Mensaje * / 00:00:20:000 / top(01) para deckofficer(02)
Mensaje Y / 00:00:20:000 / deckofficer(02) / outdeckavailability /      1.00000 para top(01)
Mensaje D / 00:00:20:000 / deckofficer(02) / ... para top(01)
Mensaje Y / 00:00:20:000 / top(01) / da /      1.00000 para Root(00)
Mensaje D / 00:00:20:000 / top(01) / ... para Root(00)
Mensaje X / 00:01:00:000 / Root(00) / ha /      1.00000 para top(01)
Mensaje X / 00:01:00:000 / top(01) / inhangaravailability /      1.00000 para deckofficer(02)
Mensaje D / 00:01:00:000 / deckofficer(02) / 00:00:00:000 para top(01)
Mensaje D / 00:01:00:000 / top(01) / 00:00:00:000 para Root(00)
Mensaje * / 00:01:00:000 / Root(00) para top(01)
Mensaje * / 00:01:00:000 / top(01) para deckofficer(02)
Mensaje D / 00:01:00:000 / deckofficer(02) / ... para top(01)
Mensaje D / 00:01:00:000 / top(01) / ... para Root(00)
Mensaje X / 00:01:30:000 / Root(00) / dc /      1.00000 para top(01)
Mensaje X / 00:01:30:000 / top(01) / indeckavailabilitycheck /      1.00000 para deckofficer(02)
Mensaje D / 00:01:30:000 / deckofficer(02) / 00:00:10:000 para top(01)
Mensaje D / 00:01:30:000 / top(01) / 00:00:10:000 para Root(00)
Mensaje * / 00:01:40:000 / Root(00) para top(01)
Mensaje * / 00:01:40:000 / top(01) para deckofficer(02)
Mensaje Y / 00:01:40:000 / deckofficer(02) / outdeckavailability /      1.00000 para top(01)
Mensaje D / 00:01:40:000 / deckofficer(02) / ... para top(01)
Mensaje Y / 00:01:40:000 / top(01) / da /      1.00000 para Root(00)
Mensaje D / 00:01:40:000 / top(01) / ... para Root(00)
Mensaje X / 00:02:00:000 / Root(00) / ha /      0.00000 para top(01)
Mensaje X / 00:02:00:000 / top(01) / inhangaravailability /      0.00000 para deckofficer(02)
Mensaje D / 00:02:00:000 / deckofficer(02) / 00:00:00:000 para top(01)
Mensaje D / 00:02:00:000 / top(01) / 00:00:00:000 para Root(00)
Mensaje * / 00:02:00:000 / Root(00) para top(01)
Mensaje * / 00:02:00:000 / top(01) para deckofficer(02)
Mensaje D / 00:02:00:000 / deckofficer(02) / ... para top(01)
Mensaje D / 00:02:00:000 / top(01) / ... para Root(00)
Mensaje X / 00:02:30:000 / Root(00) / dc /      1.00000 para top(01)
Mensaje X / 00:02:30:000 / top(01) / indeckavailabilitycheck /      1.00000 para deckofficer(02)
Mensaje D / 00:02:30:000 / deckofficer(02) / 00:00:10:000 para top(01)
Mensaje D / 00:02:30:000 / top(01) / 00:00:10:000 para Root(00)
Mensaje * / 00:02:40:000 / Root(00) para top(01)
Mensaje * / 00:02:40:000 / top(01) para deckofficer(02)
Mensaje Y / 00:02:40:000 / deckofficer(02) / outdeckavailability /      0.00000 para top(01)
Mensaje D / 00:02:40:000 / deckofficer(02) / ... para top(01)
Mensaje Y / 00:02:40:000 / top(01) / da /      0.00000 para Root(00)
Mensaje D / 00:02:40:000 / top(01) / ... para Root(00)
Mensaje X / 00:03:00:000 / Root(00) / ha /      0.00000 para top(01)
Mensaje X / 00:03:00:000 / top(01) / inhangaravailability /      0.00000 para deckofficer(02)
Mensaje D / 00:03:00:000 / deckofficer(02) / 00:00:00:000 para top(01)
Mensaje D / 00:03:00:000 / top(01) / 00:00:00:000 para Root(00)
Mensaje * / 00:03:00:000 / Root(00) para top(01)
Mensaje * / 00:03:00:000 / top(01) para deckofficer(02)
Mensaje D / 00:03:00:000 / deckofficer(02) / ... para top(01)
Mensaje D / 00:03:00:000 / top(01) / ... para Root(00)
Mensaje X / 00:03:15:000 / Root(00) / ha /      1.00000 para top(01)
Mensaje X / 00:03:15:000 / top(01) / inhangaravailability /      1.00000 para deckofficer(02)
Mensaje D / 00:03:15:000 / deckofficer(02) / 00:00:00:000 para top(01)
Mensaje D / 00:03:15:000 / top(01) / 00:00:00:000 para Root(00)
Mensaje * / 00:03:15:000 / Root(00) para top(01)
Mensaje * / 00:03:15:000 / top(01) para deckofficer(02)
Mensaje D / 00:03:15:000 / deckofficer(02) / ... para top(01)
Mensaje D / 00:03:15:000 / top(01) / ... para Root(00)
Mensaje X / 00:03:30:000 / Root(00) / dc /      1.00000 para top(01)
Mensaje X / 00:03:30:000 / top(01) / indeckavailabilitycheck /      1.00000 para deckofficer(02)
Mensaje D / 00:03:30:000 / deckofficer(02) / 00:00:10:000 para top(01)
Mensaje D / 00:03:30:000 / top(01) / 00:00:10:000 para Root(00)
Mensaje * / 00:03:40:000 / Root(00) para top(01)
Mensaje * / 00:03:40:000 / top(01) para deckofficer(02)
Mensaje Y / 00:03:40:000 / deckofficer(02) / outdeckavailability /      1.00000 para top(01)
Mensaje D / 00:03:40:000 / deckofficer(02) / ... para top(01)
Mensaje Y / 00:03:40:000 / top(01) / da /      1.00000 para Root(00)
Mensaje D / 00:03:40:000 / top(01) / ... para Root(00)
Mensaje X / 00:04:00:000 / Root(00) / ha /      0.00000 para top(01)
Mensaje X / 00:04:00:000 / top(01) / inhangaravailability /      0.00000 para deckofficer(02)
Mensaje D / 00:04:00:000 / deckofficer(02) / 00:00:00:000 para top(01)
Mensaje D / 00:04:00:000 / top(01) / 00:00:00:000 para Root(00)
Mensaje * / 00:04:00:000 / Root(00) para top(01)
Mensaje * / 00:04:00:000 / top(01) para deckofficer(02)
Mensaje D / 00:04:00:000 / deckofficer(02) / ... para top(01)
Mensaje D / 00:04:00:000 / top(01) / ... para Root(00)
Mensaje X / 00:04:15:000 / Root(00) / ha /      0.00000 para top(01)
Mensaje X / 00:04:15:000 / top(01) / inhangaravailability /      0.00000 para deckofficer(02)
Mensaje D / 00:04:15:000 / deckofficer(02) / 00:00:00:000 para top(01)
Mensaje D / 00:04:15:000 / top(01) / 00:00:00:000 para Root(00)
Mensaje * / 00:04:15:000 / Root(00) para top(01)
Mensaje * / 00:04:15:000 / top(01) para deckofficer(02)
Mensaje D / 00:04:15:000 / deckofficer(02) / ... para top(01)
Mensaje D / 00:04:15:000 / top(01) / ... para Root(00)
Mensaje X / 00:04:30:000 / Root(00) / dc /      1.00000 para top(01)
Mensaje X / 00:04:30:000 / top(01) / indeckavailabilitycheck /      1.00000 para deckofficer(02)
Mensaje D / 00:04:30:000 / deckofficer(02) / 00:00:10:000 para top(01)
Mensaje D / 00:04:30:000 / top(01) / 00:00:10:000 para Root(00)
Mensaje * / 00:04:40:000 / Root(00) para top(01)
Mensaje * / 00:04:40:000 / top(01) para deckofficer(02)
Mensaje Y / 00:04:40:000 / deckofficer(02) / outdeckavailability /      0.00000 para top(01)
Mensaje D / 00:04:40:000 / deckofficer(02) / ... para top(01)
Mensaje Y / 00:04:40:000 / top(01) / da /      0.00000 para Root(00)
Mensaje D / 00:04:40:000 / top(01) / ... para Root(00)
Mensaje X / 00:05:00:000 / Root(00) / ha /      1.00000 para top(01)
Mensaje X / 00:05:00:000 / top(01) / inhangaravailability /      1.00000 para deckofficer(02)
Mensaje D / 00:05:00:000 / deckofficer(02) / 00:00:00:000 para top(01)
Mensaje D / 00:05:00:000 / top(01) / 00:00:00:000 para Root(00)
Mensaje * / 00:05:00:000 / Root(00) para top(01)
Mensaje * / 00:05:00:000 / top(01) para deckofficer(02)
Mensaje D / 00:05:00:000 / deckofficer(02) / ... para top(01)
Mensaje D / 00:05:00:000 / top(01) / ... para Root(00)
Mensaje X / 00:05:15:000 / Root(00) / ha /      1.00000 para top(01)
Mensaje X / 00:05:15:000 / top(01) / inhangaravailability /      1.00000 para deckofficer(02)
Mensaje D / 00:05:15:000 / deckofficer(02) / 00:00:00:000 para top(01)
Mensaje D / 00:05:15:000 / top(01) / 00:00:00:000 para Root(00)
Mensaje * / 00:05:15:000 / Root(00) para top(01)
Mensaje * / 00:05:15:000 / top(01) para deckofficer(02)
Mensaje D / 00:05:15:000 / deckofficer(02) / ... para top(01)
Mensaje D / 00:05:15:000 / top(01) / ... para Root(00)
Mensaje X / 00:05:30:000 / Root(00) / dc /      1.00000 para top(01)
Mensaje X / 00:05:30:000 / top(01) / indeckavailabilitycheck /      1.00000 para deckofficer(02)
Mensaje D / 00:05:30:000 / deckofficer(02) / 00:00:10:000 para top(01)
Mensaje D / 00:05:30:000 / top(01) / 00:00:10:000 para Root(00)
Mensaje * / 00:05:40:000 / Root(00) para top(01)
Mensaje * / 00:05:40:000 / top(01) para deckofficer(02)
Mensaje Y / 00:05:40:000 / deckofficer(02) / outdeckavailability /      1.00000 para top(01)
Mensaje D / 00:05:40:000 / deckofficer(02) / ... para top(01)
Mensaje Y / 00:05:40:000 / top(01) / da /      1.00000 para Root(00)
Mensaje D / 00:05:40:000 / top(01) / ... para Root(00)
Mensaje X / 00:06:00:000 / Root(00) / ha /      1.00000 para top(01)
Mensaje X / 00:06:00:000 / top(01) / inhangaravailability /      1.00000 para deckofficer(02)
Mensaje D / 00:06:00:000 / deckofficer(02) / 00:00:00:000 para top(01)
Mensaje D / 00:06:00:000 / top(01) / 00:00:00:000 para Root(00)
Mensaje * / 00:06:00:000 / Root(00) para top(01)
Mensaje * / 00:06:00:000 / top(01) para deckofficer(02)
Mensaje D / 00:06:00:000 / deckofficer(02) / ... para top(01)
Mensaje D / 00:06:00:000 / top(01) / ... para Root(00)
Mensaje X / 00:06:15:000 / Root(00) / ha /      0.00000 para top(01)
Mensaje X / 00:06:15:000 / top(01) / inhangaravailability /      0.00000 para deckofficer(02)
Mensaje D / 00:06:15:000 / deckofficer(02) / 00:00:00:000 para top(01)
Mensaje D / 00:06:15:000 / top(01) / 00:00:00:000 para Root(00)
Mensaje * / 00:06:15:000 / Root(00) para top(01)
Mensaje * / 00:06:15:000 / top(01) para deckofficer(02)
Mensaje D / 00:06:15:000 / deckofficer(02) / ... para top(01)
Mensaje D / 00:06:15:000 / top(01) / ... para Root(00)
Mensaje X / 00:06:30:000 / Root(00) / dc /      1.00000 para top(01)
Mensaje X / 00:06:30:000 / top(01) / indeckavailabilitycheck /      1.00000 para deckofficer(02)
Mensaje D / 00:06:30:000 / deckofficer(02) / 00:00:10:000 para top(01)
Mensaje D / 00:06:30:000 / top(01) / 00:00:10:000 para Root(00)
Mensaje * / 00:06:40:000 / Root(00) para top(01)
Mensaje * / 00:06:40:000 / top(01) para deckofficer(02)
Mensaje Y / 00:06:40:000 / deckofficer(02) / outdeckavailability /      0.00000 para top(01)
Mensaje D / 00:06:40:000 / deckofficer(02) / ... para top(01)
Mensaje Y / 00:06:40:000 / top(01) / da /      0.00000 para Root(00)
Mensaje D / 00:06:40:000 / top(01) / ... para Root(00)
Mensaje X / 00:07:00:000 / Root(00) / ha /      1.00000 para top(01)
Mensaje X / 00:07:00:000 / top(01) / inhangaravailability /      1.00000 para deckofficer(02)
Mensaje D / 00:07:00:000 / deckofficer(02) / 00:00:00:000 para top(01)
Mensaje D / 00:07:00:000 / top(01) / 00:00:00:000 para Root(00)
Mensaje * / 00:07:00:000 / Root(00) para top(01)
Mensaje * / 00:07:00:000 / top(01) para deckofficer(02)
Mensaje D / 00:07:00:000 / deckofficer(02) / ... para top(01)
Mensaje D / 00:07:00:000 / top(01) / ... para Root(00)
Mensaje X / 00:07:30:000 / Root(00) / dc /      1.00000 para top(01)
Mensaje X / 00:07:30:000 / top(01) / indeckavailabilitycheck /      1.00000 para deckofficer(02)
Mensaje D / 00:07:30:000 / deckofficer(02) / 00:00:10:000 para top(01)
Mensaje D / 00:07:30:000 / top(01) / 00:00:10:000 para Root(00)
Mensaje X / 00:07:35:000 / Root(00) / ha /      0.00000 para top(01)
Mensaje X / 00:07:35:000 / top(01) / inhangaravailability /      0.00000 para deckofficer(02)
Mensaje D / 00:07:35:000 / deckofficer(02) / 00:00:05:000 para top(01)
Mensaje D / 00:07:35:000 / top(01) / 00:00:05:000 para Root(00)
Mensaje * / 00:07:40:000 / Root(00) para top(01)
Mensaje * / 00:07:40:000 / top(01) para deckofficer(02)
Mensaje Y / 00:07:40:000 / deckofficer(02) / outdeckavailability /      0.00000 para top(01)
Mensaje D / 00:07:40:000 / deckofficer(02) / ... para top(01)
Mensaje Y / 00:07:40:000 / top(01) / da /      0.00000 para Root(00)
Mensaje D / 00:07:40:000 / top(01) / ... para Root(00)
