Mensaje I / 00:00:00:000 / Root(00) para top(01)
Mensaje I / 00:00:00:000 / top(01) para weather(02)
Mensaje D / 00:00:00:000 / weather(02) / ... para top(01)
Mensaje D / 00:00:00:000 / top(01) / ... para Root(00)
Mensaje X / 00:00:10:000 / Root(00) / wc /      1.00000 para top(01)
Mensaje X / 00:00:10:000 / top(01) / inweathercheck /      1.00000 para weather(02)
Mensaje D / 00:00:10:000 / weather(02) / 00:05:00:000 para top(01)
Mensaje D / 00:00:10:000 / top(01) / 00:05:00:000 para Root(00)
Mensaje * / 00:05:10:000 / Root(00) para top(01)
Mensaje * / 00:05:10:000 / top(01) para weather(02)
Mensaje Y / 00:05:10:000 / weather(02) / outweatheracceptability /      1.00000 para top(01)
Mensaje D / 00:05:10:000 / weather(02) / ... para top(01)
Mensaje Y / 00:05:10:000 / top(01) / wa /      1.00000 para Root(00)
Mensaje D / 00:05:10:000 / top(01) / ... para Root(00)
Mensaje X / 00:10:00:000 / Root(00) / wc /      1.00000 para top(01)
Mensaje X / 00:10:00:000 / top(01) / inweathercheck /      1.00000 para weather(02)
Mensaje D / 00:10:00:000 / weather(02) / 00:05:00:000 para top(01)
Mensaje D / 00:10:00:000 / top(01) / 00:05:00:000 para Root(00)
Mensaje * / 00:15:00:000 / Root(00) para top(01)
Mensaje * / 00:15:00:000 / top(01) para weather(02)
Mensaje Y / 00:15:00:000 / weather(02) / outweatheracceptability /      1.00000 para top(01)
Mensaje D / 00:15:00:000 / weather(02) / ... para top(01)
Mensaje Y / 00:15:00:000 / top(01) / wa /      1.00000 para Root(00)
Mensaje D / 00:15:00:000 / top(01) / ... para Root(00)
Mensaje X / 00:20:00:000 / Root(00) / wc /      1.00000 para top(01)
Mensaje X / 00:20:00:000 / top(01) / inweathercheck /      1.00000 para weather(02)
Mensaje D / 00:20:00:000 / weather(02) / 00:05:00:000 para top(01)
Mensaje D / 00:20:00:000 / top(01) / 00:05:00:000 para Root(00)
Mensaje * / 00:25:00:000 / Root(00) para top(01)
Mensaje * / 00:25:00:000 / top(01) para weather(02)
Mensaje Y / 00:25:00:000 / weather(02) / outweatheracceptability /      1.00000 para top(01)
Mensaje D / 00:25:00:000 / weather(02) / ... para top(01)
Mensaje Y / 00:25:00:000 / top(01) / wa /      1.00000 para Root(00)
Mensaje D / 00:25:00:000 / top(01) / ... para Root(00)
Mensaje X / 00:30:00:000 / Root(00) / wc /      1.00000 para top(01)
Mensaje X / 00:30:00:000 / top(01) / inweathercheck /      1.00000 para weather(02)
Mensaje D / 00:30:00:000 / weather(02) / 00:05:00:000 para top(01)
Mensaje D / 00:30:00:000 / top(01) / 00:05:00:000 para Root(00)
Mensaje * / 00:35:00:000 / Root(00) para top(01)
Mensaje * / 00:35:00:000 / top(01) para weather(02)
Mensaje Y / 00:35:00:000 / weather(02) / outweatheracceptability /      1.00000 para top(01)
Mensaje D / 00:35:00:000 / weather(02) / ... para top(01)
Mensaje Y / 00:35:00:000 / top(01) / wa /      1.00000 para Root(00)
Mensaje D / 00:35:00:000 / top(01) / ... para Root(00)
Mensaje X / 00:40:00:000 / Root(00) / wc /      1.00000 para top(01)
Mensaje X / 00:40:00:000 / top(01) / inweathercheck /      1.00000 para weather(02)
Mensaje D / 00:40:00:000 / weather(02) / 00:05:00:000 para top(01)
Mensaje D / 00:40:00:000 / top(01) / 00:05:00:000 para Root(00)
Mensaje * / 00:45:00:000 / Root(00) para top(01)
Mensaje * / 00:45:00:000 / top(01) para weather(02)
Mensaje Y / 00:45:00:000 / weather(02) / outweatheracceptability /      1.00000 para top(01)
Mensaje D / 00:45:00:000 / weather(02) / ... para top(01)
Mensaje Y / 00:45:00:000 / top(01) / wa /      1.00000 para Root(00)
Mensaje D / 00:45:00:000 / top(01) / ... para Root(00)
Mensaje X / 00:50:00:000 / Root(00) / wc /      1.00000 para top(01)
Mensaje X / 00:50:00:000 / top(01) / inweathercheck /      1.00000 para weather(02)
Mensaje D / 00:50:00:000 / weather(02) / 00:05:00:000 para top(01)
Mensaje D / 00:50:00:000 / top(01) / 00:05:00:000 para Root(00)
Mensaje * / 00:55:00:000 / Root(00) para top(01)
Mensaje * / 00:55:00:000 / top(01) para weather(02)
Mensaje Y / 00:55:00:000 / weather(02) / outweatheracceptability /      1.00000 para top(01)
Mensaje D / 00:55:00:000 / weather(02) / ... para top(01)
Mensaje Y / 00:55:00:000 / top(01) / wa /      1.00000 para Root(00)
Mensaje D / 00:55:00:000 / top(01) / ... para Root(00)
Mensaje X / 01:00:00:000 / Root(00) / wc /      1.00000 para top(01)
Mensaje X / 01:00:00:000 / top(01) / inweathercheck /      1.00000 para weather(02)
Mensaje D / 01:00:00:000 / weather(02) / 00:05:00:000 para top(01)
Mensaje D / 01:00:00:000 / top(01) / 00:05:00:000 para Root(00)
Mensaje * / 01:05:00:000 / Root(00) para top(01)
Mensaje * / 01:05:00:000 / top(01) para weather(02)
Mensaje Y / 01:05:00:000 / weather(02) / outweatheracceptability /      0.00000 para top(01)
Mensaje D / 01:05:00:000 / weather(02) / ... para top(01)
Mensaje Y / 01:05:00:000 / top(01) / wa /      0.00000 para Root(00)
Mensaje D / 01:05:00:000 / top(01) / ... para Root(00)
Mensaje X / 01:10:00:000 / Root(00) / wc /      1.00000 para top(01)
Mensaje X / 01:10:00:000 / top(01) / inweathercheck /      1.00000 para weather(02)
Mensaje D / 01:10:00:000 / weather(02) / 00:05:00:000 para top(01)
Mensaje D / 01:10:00:000 / top(01) / 00:05:00:000 para Root(00)
Mensaje * / 01:15:00:000 / Root(00) para top(01)
Mensaje * / 01:15:00:000 / top(01) para weather(02)
Mensaje Y / 01:15:00:000 / weather(02) / outweatheracceptability /      1.00000 para top(01)
Mensaje D / 01:15:00:000 / weather(02) / ... para top(01)
Mensaje Y / 01:15:00:000 / top(01) / wa /      1.00000 para Root(00)
Mensaje D / 01:15:00:000 / top(01) / ... para Root(00)
Mensaje X / 01:20:00:000 / Root(00) / wc /      1.00000 para top(01)
Mensaje X / 01:20:00:000 / top(01) / inweathercheck /      1.00000 para weather(02)
Mensaje D / 01:20:00:000 / weather(02) / 00:05:00:000 para top(01)
Mensaje D / 01:20:00:000 / top(01) / 00:05:00:000 para Root(00)
Mensaje * / 01:25:00:000 / Root(00) para top(01)
Mensaje * / 01:25:00:000 / top(01) para weather(02)
Mensaje Y / 01:25:00:000 / weather(02) / outweatheracceptability /      1.00000 para top(01)
Mensaje D / 01:25:00:000 / weather(02) / ... para top(01)
Mensaje Y / 01:25:00:000 / top(01) / wa /      1.00000 para Root(00)
Mensaje D / 01:25:00:000 / top(01) / ... para Root(00)
Mensaje X / 01:30:00:000 / Root(00) / wc /      1.00000 para top(01)
Mensaje X / 01:30:00:000 / top(01) / inweathercheck /      1.00000 para weather(02)
Mensaje D / 01:30:00:000 / weather(02) / 00:05:00:000 para top(01)
Mensaje D / 01:30:00:000 / top(01) / 00:05:00:000 para Root(00)
Mensaje * / 01:35:00:000 / Root(00) para top(01)
Mensaje * / 01:35:00:000 / top(01) para weather(02)
Mensaje Y / 01:35:00:000 / weather(02) / outweatheracceptability /      1.00000 para top(01)
Mensaje D / 01:35:00:000 / weather(02) / ... para top(01)
Mensaje Y / 01:35:00:000 / top(01) / wa /      1.00000 para Root(00)
Mensaje D / 01:35:00:000 / top(01) / ... para Root(00)
Mensaje X / 01:40:00:000 / Root(00) / wc /      1.00000 para top(01)
Mensaje X / 01:40:00:000 / top(01) / inweathercheck /      1.00000 para weather(02)
Mensaje D / 01:40:00:000 / weather(02) / 00:05:00:000 para top(01)
Mensaje D / 01:40:00:000 / top(01) / 00:05:00:000 para Root(00)
Mensaje X / 01:41:00:000 / Root(00) / wc /      1.00000 para top(01)
Mensaje X / 01:41:00:000 / top(01) / inweathercheck /      1.00000 para weather(02)
Mensaje D / 01:41:00:000 / weather(02) / 00:04:00:000 para top(01)
Mensaje D / 01:41:00:000 / top(01) / 00:04:00:000 para Root(00)
Mensaje X / 01:42:00:000 / Root(00) / wc /      1.00000 para top(01)
Mensaje X / 01:42:00:000 / top(01) / inweathercheck /      1.00000 para weather(02)
Mensaje D / 01:42:00:000 / weather(02) / 00:03:00:000 para top(01)
Mensaje D / 01:42:00:000 / top(01) / 00:03:00:000 para Root(00)
Mensaje * / 01:45:00:000 / Root(00) para top(01)
Mensaje * / 01:45:00:000 / top(01) para weather(02)
Mensaje Y / 01:45:00:000 / weather(02) / outweatheracceptability /      1.00000 para top(01)
Mensaje D / 01:45:00:000 / weather(02) / ... para top(01)
Mensaje Y / 01:45:00:000 / top(01) / wa /      1.00000 para Root(00)
Mensaje D / 01:45:00:000 / top(01) / ... para Root(00)
