Mensaje I / 00:00:00:000 / Root(00) para top(01)
Mensaje I / 00:00:00:000 / top(01) para rast(02)
Mensaje D / 00:00:00:000 / rast(02) / ... para top(01)
Mensaje D / 00:00:00:000 / top(01) / ... para Root(00)
Mensaje X / 01:00:00:000 / Root(00) / lc /      1.00000 para top(01)
Mensaje X / 01:00:00:000 / top(01) / inlandingclearance /      1.00000 para rast(02)
Mensaje D / 01:00:00:000 / rast(02) / 00:10:00:000 para top(01)
Mensaje D / 01:00:00:000 / top(01) / 00:10:00:000 para Root(00)
Mensaje * / 01:10:00:000 / Root(00) para top(01)
Mensaje * / 01:10:00:000 / top(01) para rast(02)
Mensaje Y / 01:10:00:000 / rast(02) / outcompletedlanding /      1.00000 para top(01)
Mensaje D / 01:10:00:000 / rast(02) / ... para top(01)
Mensaje Y / 01:10:00:000 / top(01) / cl /      1.00000 para Root(00)
Mensaje D / 01:10:00:000 / top(01) / ... para Root(00)
Mensaje X / 02:00:00:000 / Root(00) / nm /      1.00000 para top(01)
Mensaje X / 02:00:00:000 / top(01) / innewmission /      1.00000 para rast(02)
Mensaje D / 02:00:00:000 / rast(02) / 00:05:00:000 para top(01)
Mensaje D / 02:00:00:000 / top(01) / 00:05:00:000 para Root(00)
Mensaje * / 02:05:00:000 / Root(00) para top(01)
Mensaje * / 02:05:00:000 / top(01) para rast(02)
Mensaje Y / 02:05:00:000 / rast(02) / outtakeoff /      1.00000 para top(01)
Mensaje D / 02:05:00:000 / rast(02) / ... para top(01)
Mensaje Y / 02:05:00:000 / top(01) / to /      1.00000 para Root(00)
Mensaje D / 02:05:00:000 / top(01) / ... para Root(00)
Mensaje X / 03:00:00:000 / Root(00) / lc /      1.00000 para top(01)
Mensaje X / 03:00:00:000 / top(01) / inlandingclearance /      1.00000 para rast(02)
Mensaje D / 03:00:00:000 / rast(02) / 00:10:00:000 para top(01)
Mensaje D / 03:00:00:000 / top(01) / 00:10:00:000 para Root(00)
Mensaje * / 03:10:00:000 / Root(00) para top(01)
Mensaje * / 03:10:00:000 / top(01) para rast(02)
Mensaje Y / 03:10:00:000 / rast(02) / outcompletedlanding /      1.00000 para top(01)
Mensaje D / 03:10:00:000 / rast(02) / ... para top(01)
Mensaje Y / 03:10:00:000 / top(01) / cl /      1.00000 para Root(00)
Mensaje D / 03:10:00:000 / top(01) / ... para Root(00)
Mensaje X / 04:00:00:000 / Root(00) / lc /      1.00000 para top(01)
Mensaje X / 04:00:00:000 / top(01) / inlandingclearance /      1.00000 para rast(02)
Mensaje D / 04:00:00:000 / rast(02) / ... para top(01)
Mensaje D / 04:00:00:000 / top(01) / ... para Root(00)
Mensaje X / 05:00:00:000 / Root(00) / nm /      1.00000 para top(01)
Mensaje X / 05:00:00:000 / top(01) / innewmission /      1.00000 para rast(02)
Mensaje D / 05:00:00:000 / rast(02) / 00:05:00:000 para top(01)
Mensaje D / 05:00:00:000 / top(01) / 00:05:00:000 para Root(00)
Mensaje * / 05:05:00:000 / Root(00) para top(01)
Mensaje * / 05:05:00:000 / top(01) para rast(02)
Mensaje Y / 05:05:00:000 / rast(02) / outtakeoff /      1.00000 para top(01)
Mensaje D / 05:05:00:000 / rast(02) / ... para top(01)
Mensaje Y / 05:05:00:000 / top(01) / to /      1.00000 para Root(00)
Mensaje D / 05:05:00:000 / top(01) / ... para Root(00)
Mensaje X / 06:00:00:000 / Root(00) / nm /      1.00000 para top(01)
Mensaje X / 06:00:00:000 / top(01) / innewmission /      1.00000 para rast(02)
Mensaje D / 06:00:00:000 / rast(02) / ... para top(01)
Mensaje D / 06:00:00:000 / top(01) / ... para Root(00)
Mensaje X / 07:00:00:000 / Root(00) / lc /      1.00000 para top(01)
Mensaje X / 07:00:00:000 / top(01) / inlandingclearance /      1.00000 para rast(02)
Mensaje D / 07:00:00:000 / rast(02) / 00:10:00:000 para top(01)
Mensaje D / 07:00:00:000 / top(01) / 00:10:00:000 para Root(00)
Mensaje X / 07:05:00:000 / Root(00) / lc /      1.00000 para top(01)
Mensaje X / 07:05:00:000 / top(01) / inlandingclearance /      1.00000 para rast(02)
Mensaje D / 07:05:00:000 / rast(02) / 00:05:00:000 para top(01)
Mensaje D / 07:05:00:000 / top(01) / 00:05:00:000 para Root(00)
Mensaje * / 07:10:00:000 / Root(00) para top(01)
Mensaje * / 07:10:00:000 / top(01) para rast(02)
Mensaje Y / 07:10:00:000 / rast(02) / outcompletedlanding /      1.00000 para top(01)
Mensaje D / 07:10:00:000 / rast(02) / ... para top(01)
Mensaje Y / 07:10:00:000 / top(01) / cl /      1.00000 para Root(00)
Mensaje D / 07:10:00:000 / top(01) / ... para Root(00)
Mensaje X / 08:00:00:000 / Root(00) / lc /      1.00000 para top(01)
Mensaje X / 08:00:00:000 / top(01) / inlandingclearance /      1.00000 para rast(02)
Mensaje D / 08:00:00:000 / rast(02) / ... para top(01)
Mensaje D / 08:00:00:000 / top(01) / ... para Root(00)
Mensaje X / 08:05:00:000 / Root(00) / nm /      1.00000 para top(01)
Mensaje X / 08:05:00:000 / top(01) / innewmission /      1.00000 para rast(02)
Mensaje D / 08:05:00:000 / rast(02) / 00:05:00:000 para top(01)
Mensaje D / 08:05:00:000 / top(01) / 00:05:00:000 para Root(00)
Mensaje * / 08:10:00:000 / Root(00) para top(01)
Mensaje * / 08:10:00:000 / top(01) para rast(02)
Mensaje Y / 08:10:00:000 / rast(02) / outtakeoff /      1.00000 para top(01)
Mensaje D / 08:10:00:000 / rast(02) / ... para top(01)
Mensaje Y / 08:10:00:000 / top(01) / to /      1.00000 para Root(00)
Mensaje D / 08:10:00:000 / top(01) / ... para Root(00)
Mensaje X / 09:00:00:000 / Root(00) / nm /      1.00000 para top(01)
Mensaje X / 09:00:00:000 / top(01) / innewmission /      1.00000 para rast(02)
Mensaje D / 09:00:00:000 / rast(02) / ... para top(01)
Mensaje D / 09:00:00:000 / top(01) / ... para Root(00)
Mensaje X / 09:02:00:000 / Root(00) / lc /      1.00000 para top(01)
Mensaje X / 09:02:00:000 / top(01) / inlandingclearance /      1.00000 para rast(02)
Mensaje D / 09:02:00:000 / rast(02) / 00:10:00:000 para top(01)
Mensaje D / 09:02:00:000 / top(01) / 00:10:00:000 para Root(00)
Mensaje * / 09:12:00:000 / Root(00) para top(01)
Mensaje * / 09:12:00:000 / top(01) para rast(02)
Mensaje Y / 09:12:00:000 / rast(02) / outcompletedlanding /      1.00000 para top(01)
Mensaje D / 09:12:00:000 / rast(02) / ... para top(01)
Mensaje Y / 09:12:00:000 / top(01) / cl /      1.00000 para Root(00)
Mensaje D / 09:12:00:000 / top(01) / ... para Root(00)
Mensaje X / 10:00:00:000 / Root(00) / nm /      1.00000 para top(01)
Mensaje X / 10:00:00:000 / top(01) / innewmission /      1.00000 para rast(02)
Mensaje D / 10:00:00:000 / rast(02) / 00:05:00:000 para top(01)
Mensaje D / 10:00:00:000 / top(01) / 00:05:00:000 para Root(00)
Mensaje X / 10:02:00:000 / Root(00) / nm /      1.00000 para top(01)
Mensaje X / 10:02:00:000 / top(01) / innewmission /      1.00000 para rast(02)
Mensaje D / 10:02:00:000 / rast(02) / 00:03:00:000 para top(01)
Mensaje D / 10:02:00:000 / top(01) / 00:03:00:000 para Root(00)
Mensaje * / 10:05:00:000 / Root(00) para top(01)
Mensaje * / 10:05:00:000 / top(01) para rast(02)
Mensaje Y / 10:05:00:000 / rast(02) / outtakeoff /      1.00000 para top(01)
Mensaje D / 10:05:00:000 / rast(02) / ... para top(01)
Mensaje Y / 10:05:00:000 / top(01) / to /      1.00000 para Root(00)
Mensaje D / 10:05:00:000 / top(01) / ... para Root(00)
