Mensaje I / 00:00:00:000 / Root(00) para top(01)
Mensaje I / 00:00:00:000 / top(01) para deckofficer(02)
Mensaje I / 00:00:00:000 / top(01) para ct(03)
Mensaje I / 00:00:00:000 / top(01) para ch148(04)
Mensaje D / 00:00:00:000 / deckofficer(02) / ... para top(01)
Mensaje D / 00:00:00:000 / ct(03) / ... para top(01)
Mensaje D / 00:00:00:000 / ch148(04) / ... para top(01)
Mensaje D / 00:00:00:000 / top(01) / ... para Root(00)
Mensaje X / 00:01:00:000 / Root(00) / ih /      1.00000 para top(01)
Mensaje X / 00:01:00:000 / top(01) / inhelicopter /      1.00000 para ch148(04)
Mensaje D / 00:01:00:000 / ch148(04) / 00:00:00:000 para top(01)
Mensaje D / 00:01:00:000 / top(01) / 00:00:00:000 para Root(00)
Mensaje * / 00:01:00:000 / Root(00) para top(01)
Mensaje * / 00:01:00:000 / top(01) para ch148(04)
Mensaje Y / 00:01:00:000 / ch148(04) / outdeckavailabilitycheck /      1.00000 para top(01)
Mensaje D / 00:01:00:000 / ch148(04) / ... para top(01)
Mensaje X / 00:01:00:000 / top(01) / indeckavailabilitycheck /      1.00000 para deckofficer(02)
Mensaje D / 00:01:00:000 / deckofficer(02) / 00:00:10:000 para top(01)
Mensaje D / 00:01:00:000 / top(01) / 00:00:10:000 para Root(00)
Mensaje * / 00:01:10:000 / Root(00) para top(01)
Mensaje * / 00:01:10:000 / top(01) para deckofficer(02)
Mensaje Y / 00:01:10:000 / deckofficer(02) / outdeckavailability /      1.00000 para top(01)
Mensaje D / 00:01:10:000 / deckofficer(02) / ... para top(01)
Mensaje X / 00:01:10:000 / top(01) / indeckavailability /      1.00000 para ch148(04)
Mensaje D / 00:01:10:000 / ch148(04) / 00:02:00:000 para top(01)
Mensaje D / 00:01:10:000 / top(01) / 00:02:00:000 para Root(00)
Mensaje * / 00:03:10:000 / Root(00) para top(01)
Mensaje * / 00:03:10:000 / top(01) para ch148(04)
Mensaje Y / 00:03:10:000 / ch148(04) / outlandingrequest /      1.00000 para top(01)
Mensaje D / 00:03:10:000 / ch148(04) / ... para top(01)
Mensaje X / 00:03:10:000 / top(01) / inlandingrequest /      1.00000 para ct(03)
Mensaje D / 00:03:10:000 / ct(03) / 00:00:30:000 para top(01)
Mensaje D / 00:03:10:000 / top(01) / 00:00:30:000 para Root(00)
Mensaje * / 00:03:40:000 / Root(00) para top(01)
Mensaje * / 00:03:40:000 / top(01) para ct(03)
Mensaje Y / 00:03:40:000 / ct(03) / outweathercheck /      1.00000 para top(01)
Mensaje D / 00:03:40:000 / ct(03) / ... para top(01)
Mensaje Y / 00:03:40:000 / top(01) / wc /      1.00000 para Root(00)
Mensaje D / 00:03:40:000 / top(01) / ... para Root(00)
Mensaje X / 00:05:00:000 / Root(00) / wa /      1.00000 para top(01)
Mensaje X / 00:05:00:000 / top(01) / inweatheracceptability /      1.00000 para ct(03)
Mensaje D / 00:05:00:000 / ct(03) / 00:00:15:000 para top(01)
Mensaje D / 00:05:00:000 / top(01) / 00:00:15:000 para Root(00)
Mensaje * / 00:05:15:000 / Root(00) para top(01)
Mensaje * / 00:05:15:000 / top(01) para ct(03)
Mensaje Y / 00:05:15:000 / ct(03) / outlandingclearance /      1.00000 para top(01)
Mensaje D / 00:05:15:000 / ct(03) / ... para top(01)
Mensaje Y / 00:05:15:000 / top(01) / lc /      1.00000 para Root(00)
Mensaje X / 00:05:15:000 / top(01) / inlandingclearance /      1.00000 para ch148(04)
Mensaje D / 00:05:15:000 / ch148(04) / 00:00:30:000 para top(01)
Mensaje D / 00:05:15:000 / top(01) / 00:00:30:000 para Root(00)
Mensaje * / 00:05:45:000 / Root(00) para top(01)
Mensaje * / 00:05:45:000 / top(01) para ch148(04)
Mensaje D / 00:05:45:000 / ch148(04) / ... para top(01)
Mensaje D / 00:05:45:000 / top(01) / ... para Root(00)
Mensaje X / 00:06:00:000 / Root(00) / ha /      0.00000 para top(01)
Mensaje X / 00:06:00:000 / top(01) / inhangaravailability /      0.00000 para deckofficer(02)
Mensaje D / 00:06:00:000 / deckofficer(02) / 00:00:00:000 para top(01)
Mensaje D / 00:06:00:000 / top(01) / 00:00:00:000 para Root(00)
Mensaje * / 00:06:00:000 / Root(00) para top(01)
Mensaje * / 00:06:00:000 / top(01) para deckofficer(02)
Mensaje D / 00:06:00:000 / deckofficer(02) / ... para top(01)
Mensaje D / 00:06:00:000 / top(01) / ... para Root(00)
Mensaje X / 00:10:00:000 / Root(00) / to /      1.00000 para top(01)
Mensaje X / 00:10:00:000 / top(01) / intakeoff /      1.00000 para ct(03)
Mensaje D / 00:10:00:000 / ct(03) / 00:01:59:633 para top(01)
Mensaje D / 00:10:00:000 / top(01) / 00:01:59:633 para Root(00)
Mensaje * / 00:11:59:633 / Root(00) para top(01)
Mensaje * / 00:11:59:633 / top(01) para ct(03)
Mensaje Y / 00:11:59:633 / ct(03) / outtakeoffclearance /      1.00000 para top(01)
Mensaje D / 00:11:59:633 / ct(03) / ... para top(01)
Mensaje X / 00:11:59:633 / top(01) / intakeoffclearance /      1.00000 para ch148(04)
Mensaje D / 00:11:59:633 / ch148(04) / 00:01:00:000 para top(01)
Mensaje D / 00:11:59:633 / top(01) / 00:01:00:000 para Root(00)
Mensaje * / 00:12:59:633 / Root(00) para top(01)
Mensaje * / 00:12:59:633 / top(01) para ch148(04)
Mensaje Y / 00:12:59:633 / ch148(04) / outhelicopter /      1.00000 para top(01)
Mensaje D / 00:12:59:633 / ch148(04) / ... para top(01)
Mensaje Y / 00:12:59:633 / top(01) / oh /      1.00000 para Root(00)
Mensaje D / 00:12:59:633 / top(01) / ... para Root(00)
Mensaje X / 00:14:00:000 / Root(00) / ha /      1.00000 para top(01)
Mensaje X / 00:14:00:000 / top(01) / inhangaravailability /      1.00000 para deckofficer(02)
Mensaje D / 00:14:00:000 / deckofficer(02) / 00:00:00:000 para top(01)
Mensaje D / 00:14:00:000 / top(01) / 00:00:00:000 para Root(00)
Mensaje * / 00:14:00:000 / Root(00) para top(01)
Mensaje * / 00:14:00:000 / top(01) para deckofficer(02)
Mensaje D / 00:14:00:000 / deckofficer(02) / ... para top(01)
Mensaje D / 00:14:00:000 / top(01) / ... para Root(00)
Mensaje X / 00:15:00:000 / Root(00) / ih /      1.00000 para top(01)
Mensaje X / 00:15:00:000 / top(01) / inhelicopter /      1.00000 para ch148(04)
Mensaje D / 00:15:00:000 / ch148(04) / 00:00:00:000 para top(01)
Mensaje D / 00:15:00:000 / top(01) / 00:00:00:000 para Root(00)
Mensaje * / 00:15:00:000 / Root(00) para top(01)
Mensaje * / 00:15:00:000 / top(01) para ch148(04)
Mensaje Y / 00:15:00:000 / ch148(04) / outdeckavailabilitycheck /      1.00000 para top(01)
Mensaje D / 00:15:00:000 / ch148(04) / ... para top(01)
Mensaje X / 00:15:00:000 / top(01) / indeckavailabilitycheck /      1.00000 para deckofficer(02)
Mensaje D / 00:15:00:000 / deckofficer(02) / 00:00:10:000 para top(01)
Mensaje D / 00:15:00:000 / top(01) / 00:00:10:000 para Root(00)
Mensaje * / 00:15:10:000 / Root(00) para top(01)
Mensaje * / 00:15:10:000 / top(01) para deckofficer(02)
Mensaje Y / 00:15:10:000 / deckofficer(02) / outdeckavailability /      1.00000 para top(01)
Mensaje D / 00:15:10:000 / deckofficer(02) / ... para top(01)
Mensaje X / 00:15:10:000 / top(01) / indeckavailability /      1.00000 para ch148(04)
Mensaje D / 00:15:10:000 / ch148(04) / 00:02:00:000 para top(01)
Mensaje D / 00:15:10:000 / top(01) / 00:02:00:000 para Root(00)
Mensaje * / 00:17:10:000 / Root(00) para top(01)
Mensaje * / 00:17:10:000 / top(01) para ch148(04)
Mensaje Y / 00:17:10:000 / ch148(04) / outlandingrequest /      1.00000 para top(01)
Mensaje D / 00:17:10:000 / ch148(04) / ... para top(01)
Mensaje X / 00:17:10:000 / top(01) / inlandingrequest /      1.00000 para ct(03)
Mensaje D / 00:17:10:000 / ct(03) / 00:00:30:000 para top(01)
Mensaje D / 00:17:10:000 / top(01) / 00:00:30:000 para Root(00)
Mensaje * / 00:17:40:000 / Root(00) para top(01)
Mensaje * / 00:17:40:000 / top(01) para ct(03)
Mensaje Y / 00:17:40:000 / ct(03) / outweathercheck /      1.00000 para top(01)
Mensaje D / 00:17:40:000 / ct(03) / ... para top(01)
Mensaje Y / 00:17:40:000 / top(01) / wc /      1.00000 para Root(00)
Mensaje D / 00:17:40:000 / top(01) / ... para Root(00)
Mensaje X / 00:20:00:000 / Root(00) / wa /      1.00000 para top(01)
Mensaje X / 00:20:00:000 / top(01) / inweatheracceptability /      1.00000 para ct(03)
Mensaje D / 00:20:00:000 / ct(03) / 00:00:15:000 para top(01)
Mensaje D / 00:20:00:000 / top(01) / 00:00:15:000 para Root(00)
Mensaje * / 00:20:15:000 / Root(00) para top(01)
Mensaje * / 00:20:15:000 / top(01) para ct(03)
Mensaje Y / 00:20:15:000 / ct(03) / outlandingclearance /      1.00000 para top(01)
Mensaje D / 00:20:15:000 / ct(03) / ... para top(01)
Mensaje Y / 00:20:15:000 / top(01) / lc /      1.00000 para Root(00)
Mensaje X / 00:20:15:000 / top(01) / inlandingclearance /      1.00000 para ch148(04)
Mensaje D / 00:20:15:000 / ch148(04) / 00:00:30:000 para top(01)
Mensaje D / 00:20:15:000 / top(01) / 00:00:30:000 para Root(00)
Mensaje * / 00:20:45:000 / Root(00) para top(01)
Mensaje * / 00:20:45:000 / top(01) para ch148(04)
Mensaje D / 00:20:45:000 / ch148(04) / ... para top(01)
Mensaje D / 00:20:45:000 / top(01) / ... para Root(00)
Mensaje X / 00:25:00:000 / Root(00) / to /      1.00000 para top(01)
Mensaje X / 00:25:00:000 / top(01) / intakeoff /      1.00000 para ct(03)
Mensaje D / 00:25:00:000 / ct(03) / 00:01:23:882 para top(01)
Mensaje D / 00:25:00:000 / top(01) / 00:01:23:882 para Root(00)
Mensaje * / 00:26:23:882 / Root(00) para top(01)
Mensaje * / 00:26:23:882 / top(01) para ct(03)
Mensaje Y / 00:26:23:882 / ct(03) / outtakeoffclearance /      1.00000 para top(01)
Mensaje D / 00:26:23:882 / ct(03) / ... para top(01)
Mensaje X / 00:26:23:882 / top(01) / intakeoffclearance /      1.00000 para ch148(04)
Mensaje D / 00:26:23:882 / ch148(04) / 00:01:00:000 para top(01)
Mensaje D / 00:26:23:882 / top(01) / 00:01:00:000 para Root(00)
Mensaje * / 00:27:23:882 / Root(00) para top(01)
Mensaje * / 00:27:23:882 / top(01) para ch148(04)
Mensaje Y / 00:27:23:882 / ch148(04) / outhelicopter /      1.00000 para top(01)
Mensaje D / 00:27:23:882 / ch148(04) / ... para top(01)
Mensaje Y / 00:27:23:882 / top(01) / oh /      1.00000 para Root(00)
Mensaje D / 00:27:23:882 / top(01) / ... para Root(00)
Mensaje X / 00:29:00:000 / Root(00) / ha /      0.00000 para top(01)
Mensaje X / 00:29:00:000 / top(01) / inhangaravailability /      0.00000 para deckofficer(02)
Mensaje D / 00:29:00:000 / deckofficer(02) / 00:00:00:000 para top(01)
Mensaje D / 00:29:00:000 / top(01) / 00:00:00:000 para Root(00)
Mensaje * / 00:29:00:000 / Root(00) para top(01)
Mensaje * / 00:29:00:000 / top(01) para deckofficer(02)
Mensaje D / 00:29:00:000 / deckofficer(02) / ... para top(01)
Mensaje D / 00:29:00:000 / top(01) / ... para Root(00)
Mensaje X / 00:30:00:000 / Root(00) / ih /      1.00000 para top(01)
Mensaje X / 00:30:00:000 / top(01) / inhelicopter /      1.00000 para ch148(04)
Mensaje D / 00:30:00:000 / ch148(04) / 00:00:00:000 para top(01)
Mensaje D / 00:30:00:000 / top(01) / 00:00:00:000 para Root(00)
Mensaje * / 00:30:00:000 / Root(00) para top(01)
Mensaje * / 00:30:00:000 / top(01) para ch148(04)
Mensaje Y / 00:30:00:000 / ch148(04) / outdeckavailabilitycheck /      1.00000 para top(01)
Mensaje D / 00:30:00:000 / ch148(04) / ... para top(01)
Mensaje X / 00:30:00:000 / top(01) / indeckavailabilitycheck /      1.00000 para deckofficer(02)
Mensaje D / 00:30:00:000 / deckofficer(02) / 00:00:10:000 para top(01)
Mensaje D / 00:30:00:000 / top(01) / 00:00:10:000 para Root(00)
Mensaje X / 00:30:05:000 / Root(00) / ha /      0.00000 para top(01)
Mensaje X / 00:30:05:000 / top(01) / inhangaravailability /      0.00000 para deckofficer(02)
Mensaje D / 00:30:05:000 / deckofficer(02) / 00:00:05:000 para top(01)
Mensaje D / 00:30:05:000 / top(01) / 00:00:05:000 para Root(00)
Mensaje * / 00:30:10:000 / Root(00) para top(01)
Mensaje * / 00:30:10:000 / top(01) para deckofficer(02)
Mensaje Y / 00:30:10:000 / deckofficer(02) / outdeckavailability /      0.00000 para top(01)
Mensaje D / 00:30:10:000 / deckofficer(02) / ... para top(01)
Mensaje X / 00:30:10:000 / top(01) / indeckavailability /      0.00000 para ch148(04)
Mensaje D / 00:30:10:000 / ch148(04) / 00:01:00:000 para top(01)
Mensaje D / 00:30:10:000 / top(01) / 00:01:00:000 para Root(00)
Mensaje * / 00:31:10:000 / Root(00) para top(01)
Mensaje * / 00:31:10:000 / top(01) para ch148(04)
Mensaje Y / 00:31:10:000 / ch148(04) / outhelicopter /      1.00000 para top(01)
Mensaje D / 00:31:10:000 / ch148(04) / ... para top(01)
Mensaje Y / 00:31:10:000 / top(01) / oh /      1.00000 para Root(00)
Mensaje D / 00:31:10:000 / top(01) / ... para Root(00)
Mensaje X / 00:35:00:000 / Root(00) / ih /      1.00000 para top(01)
Mensaje X / 00:35:00:000 / top(01) / inhelicopter /      1.00000 para ch148(04)
Mensaje D / 00:35:00:000 / ch148(04) / 00:00:00:000 para top(01)
Mensaje D / 00:35:00:000 / top(01) / 00:00:00:000 para Root(00)
Mensaje * / 00:35:00:000 / Root(00) para top(01)
Mensaje * / 00:35:00:000 / top(01) para ch148(04)
Mensaje Y / 00:35:00:000 / ch148(04) / outdeckavailabilitycheck /      1.00000 para top(01)
Mensaje D / 00:35:00:000 / ch148(04) / ... para top(01)
Mensaje X / 00:35:00:000 / top(01) / indeckavailabilitycheck /      1.00000 para deckofficer(02)
Mensaje D / 00:35:00:000 / deckofficer(02) / 00:00:10:000 para top(01)
Mensaje D / 00:35:00:000 / top(01) / 00:00:10:000 para Root(00)
Mensaje * / 00:35:10:000 / Root(00) para top(01)
Mensaje * / 00:35:10:000 / top(01) para deckofficer(02)
Mensaje Y / 00:35:10:000 / deckofficer(02) / outdeckavailability /      0.00000 para top(01)
Mensaje D / 00:35:10:000 / deckofficer(02) / ... para top(01)
Mensaje X / 00:35:10:000 / top(01) / indeckavailability /      0.00000 para ch148(04)
Mensaje D / 00:35:10:000 / ch148(04) / 00:01:00:000 para top(01)
Mensaje D / 00:35:10:000 / top(01) / 00:01:00:000 para Root(00)
Mensaje * / 00:36:10:000 / Root(00) para top(01)
Mensaje * / 00:36:10:000 / top(01) para ch148(04)
Mensaje Y / 00:36:10:000 / ch148(04) / outhelicopter /      1.00000 para top(01)
Mensaje D / 00:36:10:000 / ch148(04) / ... para top(01)
Mensaje Y / 00:36:10:000 / top(01) / oh /      1.00000 para Root(00)
Mensaje D / 00:36:10:000 / top(01) / ... para Root(00)
Mensaje X / 00:37:00:000 / Root(00) / ih /      1.00000 para top(01)
Mensaje X / 00:37:00:000 / top(01) / inhelicopter /      1.00000 para ch148(04)
Mensaje D / 00:37:00:000 / ch148(04) / 00:00:00:000 para top(01)
Mensaje D / 00:37:00:000 / top(01) / 00:00:00:000 para Root(00)
Mensaje * / 00:37:00:000 / Root(00) para top(01)
Mensaje * / 00:37:00:000 / top(01) para ch148(04)
Mensaje Y / 00:37:00:000 / ch148(04) / outdeckavailabilitycheck /      1.00000 para top(01)
Mensaje D / 00:37:00:000 / ch148(04) / ... para top(01)
Mensaje X / 00:37:00:000 / top(01) / indeckavailabilitycheck /      1.00000 para deckofficer(02)
Mensaje D / 00:37:00:000 / deckofficer(02) / 00:00:10:000 para top(01)
Mensaje D / 00:37:00:000 / top(01) / 00:00:10:000 para Root(00)
Mensaje X / 00:37:05:000 / Root(00) / ha /      1.00000 para top(01)
Mensaje X / 00:37:05:000 / top(01) / inhangaravailability /      1.00000 para deckofficer(02)
Mensaje D / 00:37:05:000 / deckofficer(02) / 00:00:05:000 para top(01)
Mensaje D / 00:37:05:000 / top(01) / 00:00:05:000 para Root(00)
Mensaje * / 00:37:10:000 / Root(00) para top(01)
Mensaje * / 00:37:10:000 / top(01) para deckofficer(02)
Mensaje Y / 00:37:10:000 / deckofficer(02) / outdeckavailability /      1.00000 para top(01)
Mensaje D / 00:37:10:000 / deckofficer(02) / ... para top(01)
Mensaje X / 00:37:10:000 / top(01) / indeckavailability /      1.00000 para ch148(04)
Mensaje D / 00:37:10:000 / ch148(04) / 00:02:00:000 para top(01)
Mensaje D / 00:37:10:000 / top(01) / 00:02:00:000 para Root(00)
Mensaje * / 00:39:10:000 / Root(00) para top(01)
Mensaje * / 00:39:10:000 / top(01) para ch148(04)
Mensaje Y / 00:39:10:000 / ch148(04) / outlandingrequest /      1.00000 para top(01)
Mensaje D / 00:39:10:000 / ch148(04) / ... para top(01)
Mensaje X / 00:39:10:000 / top(01) / inlandingrequest /      1.00000 para ct(03)
Mensaje D / 00:39:10:000 / ct(03) / 00:00:30:000 para top(01)
Mensaje D / 00:39:10:000 / top(01) / 00:00:30:000 para Root(00)
Mensaje * / 00:39:40:000 / Root(00) para top(01)
Mensaje * / 00:39:40:000 / top(01) para ct(03)
Mensaje Y / 00:39:40:000 / ct(03) / outweathercheck /      1.00000 para top(01)
Mensaje D / 00:39:40:000 / ct(03) / ... para top(01)
Mensaje Y / 00:39:40:000 / top(01) / wc /      1.00000 para Root(00)
Mensaje D / 00:39:40:000 / top(01) / ... para Root(00)
Mensaje X / 00:40:00:000 / Root(00) / wa /      1.00000 para top(01)
Mensaje X / 00:40:00:000 / top(01) / inweatheracceptability /      1.00000 para ct(03)
Mensaje D / 00:40:00:000 / ct(03) / 00:00:15:000 para top(01)
Mensaje D / 00:40:00:000 / top(01) / 00:00:15:000 para Root(00)
Mensaje * / 00:40:15:000 / Root(00) para top(01)
Mensaje * / 00:40:15:000 / top(01) para ct(03)
Mensaje Y / 00:40:15:000 / ct(03) / outlandingclearance /      1.00000 para top(01)
Mensaje D / 00:40:15:000 / ct(03) / ... para top(01)
Mensaje Y / 00:40:15:000 / top(01) / lc /      1.00000 para Root(00)
Mensaje X / 00:40:15:000 / top(01) / inlandingclearance /      1.00000 para ch148(04)
Mensaje D / 00:40:15:000 / ch148(04) / 00:00:30:000 para top(01)
Mensaje D / 00:40:15:000 / top(01) / 00:00:30:000 para Root(00)
Mensaje * / 00:40:45:000 / Root(00) para top(01)
Mensaje * / 00:40:45:000 / top(01) para ch148(04)
Mensaje D / 00:40:45:000 / ch148(04) / ... para top(01)
Mensaje D / 00:40:45:000 / top(01) / ... para Root(00)
Mensaje X / 00:42:00:000 / Root(00) / to /      1.00000 para top(01)
Mensaje X / 00:42:00:000 / top(01) / intakeoff /      1.00000 para ct(03)
Mensaje D / 00:42:00:000 / ct(03) / 00:01:28:734 para top(01)
Mensaje D / 00:42:00:000 / top(01) / 00:01:28:734 para Root(00)
Mensaje * / 00:43:28:734 / Root(00) para top(01)
Mensaje * / 00:43:28:734 / top(01) para ct(03)
Mensaje Y / 00:43:28:734 / ct(03) / outtakeoffclearance /      1.00000 para top(01)
Mensaje D / 00:43:28:734 / ct(03) / ... para top(01)
Mensaje X / 00:43:28:734 / top(01) / intakeoffclearance /      1.00000 para ch148(04)
Mensaje D / 00:43:28:734 / ch148(04) / 00:01:00:000 para top(01)
Mensaje D / 00:43:28:734 / top(01) / 00:01:00:000 para Root(00)
Mensaje * / 00:44:28:734 / Root(00) para top(01)
Mensaje * / 00:44:28:734 / top(01) para ch148(04)
Mensaje Y / 00:44:28:734 / ch148(04) / outhelicopter /      1.00000 para top(01)
Mensaje D / 00:44:28:734 / ch148(04) / ... para top(01)
Mensaje Y / 00:44:28:734 / top(01) / oh /      1.00000 para Root(00)
Mensaje D / 00:44:28:734 / top(01) / ... para Root(00)
Mensaje X / 00:45:00:000 / Root(00) / ha /      0.00000 para top(01)
Mensaje X / 00:45:00:000 / top(01) / inhangaravailability /      0.00000 para deckofficer(02)
Mensaje D / 00:45:00:000 / deckofficer(02) / 00:00:00:000 para top(01)
Mensaje D / 00:45:00:000 / top(01) / 00:00:00:000 para Root(00)
Mensaje * / 00:45:00:000 / Root(00) para top(01)
Mensaje * / 00:45:00:000 / top(01) para deckofficer(02)
Mensaje D / 00:45:00:000 / deckofficer(02) / ... para top(01)
Mensaje D / 00:45:00:000 / top(01) / ... para Root(00)
Mensaje X / 00:47:00:000 / Root(00) / ih /      1.00000 para top(01)
Mensaje X / 00:47:00:000 / top(01) / inhelicopter /      1.00000 para ch148(04)
Mensaje D / 00:47:00:000 / ch148(04) / 00:00:00:000 para top(01)
Mensaje D / 00:47:00:000 / top(01) / 00:00:00:000 para Root(00)
Mensaje * / 00:47:00:000 / Root(00) para top(01)
Mensaje * / 00:47:00:000 / top(01) para ch148(04)
Mensaje Y / 00:47:00:000 / ch148(04) / outdeckavailabilitycheck /      1.00000 para top(01)
Mensaje D / 00:47:00:000 / ch148(04) / ... para top(01)
Mensaje X / 00:47:00:000 / top(01) / indeckavailabilitycheck /      1.00000 para deckofficer(02)
Mensaje D / 00:47:00:000 / deckofficer(02) / 00:00:10:000 para top(01)
Mensaje D / 00:47:00:000 / top(01) / 00:00:10:000 para Root(00)
Mensaje * / 00:47:10:000 / Root(00) para top(01)
Mensaje * / 00:47:10:000 / top(01) para deckofficer(02)
Mensaje Y / 00:47:10:000 / deckofficer(02) / outdeckavailability /      0.00000 para top(01)
Mensaje D / 00:47:10:000 / deckofficer(02) / ... para top(01)
Mensaje X / 00:47:10:000 / top(01) / indeckavailability /      0.00000 para ch148(04)
Mensaje D / 00:47:10:000 / ch148(04) / 00:01:00:000 para top(01)
Mensaje D / 00:47:10:000 / top(01) / 00:01:00:000 para Root(00)
Mensaje X / 00:48:00:000 / Root(00) / ha /      1.00000 para top(01)
Mensaje X / 00:48:00:000 / top(01) / inhangaravailability /      1.00000 para deckofficer(02)
Mensaje D / 00:48:00:000 / deckofficer(02) / 00:00:00:000 para top(01)
Mensaje D / 00:48:00:000 / top(01) / 00:00:00:000 para Root(00)
Mensaje * / 00:48:00:000 / Root(00) para top(01)
Mensaje * / 00:48:00:000 / top(01) para deckofficer(02)
Mensaje D / 00:48:00:000 / deckofficer(02) / ... para top(01)
Mensaje D / 00:48:00:000 / top(01) / 00:00:10:000 para Root(00)
Mensaje * / 00:48:10:000 / Root(00) para top(01)
Mensaje * / 00:48:10:000 / top(01) para ch148(04)
Mensaje Y / 00:48:10:000 / ch148(04) / outhelicopter /      1.00000 para top(01)
Mensaje D / 00:48:10:000 / ch148(04) / ... para top(01)
Mensaje Y / 00:48:10:000 / top(01) / oh /      1.00000 para Root(00)
Mensaje D / 00:48:10:000 / top(01) / ... para Root(00)
Mensaje X / 01:00:00:000 / Root(00) / ha /      1.00000 para top(01)
Mensaje X / 01:00:00:000 / top(01) / inhangaravailability /      1.00000 para deckofficer(02)
Mensaje D / 01:00:00:000 / deckofficer(02) / 00:00:00:000 para top(01)
Mensaje D / 01:00:00:000 / top(01) / 00:00:00:000 para Root(00)
Mensaje * / 01:00:00:000 / Root(00) para top(01)
Mensaje * / 01:00:00:000 / top(01) para deckofficer(02)
Mensaje D / 01:00:00:000 / deckofficer(02) / ... para top(01)
Mensaje D / 01:00:00:000 / top(01) / ... para Root(00)
Mensaje X / 01:05:00:000 / Root(00) / ih /      1.00000 para top(01)
Mensaje X / 01:05:00:000 / top(01) / inhelicopter /      1.00000 para ch148(04)
Mensaje D / 01:05:00:000 / ch148(04) / 00:00:00:000 para top(01)
Mensaje D / 01:05:00:000 / top(01) / 00:00:00:000 para Root(00)
Mensaje * / 01:05:00:000 / Root(00) para top(01)
Mensaje * / 01:05:00:000 / top(01) para ch148(04)
Mensaje Y / 01:05:00:000 / ch148(04) / outdeckavailabilitycheck /      1.00000 para top(01)
Mensaje D / 01:05:00:000 / ch148(04) / ... para top(01)
Mensaje X / 01:05:00:000 / top(01) / indeckavailabilitycheck /      1.00000 para deckofficer(02)
Mensaje D / 01:05:00:000 / deckofficer(02) / 00:00:10:000 para top(01)
Mensaje D / 01:05:00:000 / top(01) / 00:00:10:000 para Root(00)
Mensaje * / 01:05:10:000 / Root(00) para top(01)
Mensaje * / 01:05:10:000 / top(01) para deckofficer(02)
Mensaje Y / 01:05:10:000 / deckofficer(02) / outdeckavailability /      1.00000 para top(01)
Mensaje D / 01:05:10:000 / deckofficer(02) / ... para top(01)
Mensaje X / 01:05:10:000 / top(01) / indeckavailability /      1.00000 para ch148(04)
Mensaje D / 01:05:10:000 / ch148(04) / 00:02:00:000 para top(01)
Mensaje D / 01:05:10:000 / top(01) / 00:02:00:000 para Root(00)
Mensaje * / 01:07:10:000 / Root(00) para top(01)
Mensaje * / 01:07:10:000 / top(01) para ch148(04)
Mensaje Y / 01:07:10:000 / ch148(04) / outlandingrequest /      1.00000 para top(01)
Mensaje D / 01:07:10:000 / ch148(04) / ... para top(01)
Mensaje X / 01:07:10:000 / top(01) / inlandingrequest /      1.00000 para ct(03)
Mensaje D / 01:07:10:000 / ct(03) / 00:00:30:000 para top(01)
Mensaje D / 01:07:10:000 / top(01) / 00:00:30:000 para Root(00)
Mensaje * / 01:07:40:000 / Root(00) para top(01)
Mensaje * / 01:07:40:000 / top(01) para ct(03)
Mensaje Y / 01:07:40:000 / ct(03) / outweathercheck /      1.00000 para top(01)
Mensaje D / 01:07:40:000 / ct(03) / ... para top(01)
Mensaje Y / 01:07:40:000 / top(01) / wc /      1.00000 para Root(00)
Mensaje D / 01:07:40:000 / top(01) / ... para Root(00)
Mensaje X / 01:10:00:000 / Root(00) / to /      1.00000 para top(01)
Mensaje X / 01:10:00:000 / top(01) / intakeoff /      1.00000 para ct(03)
Mensaje D / 01:10:00:000 / ct(03) / ... para top(01)
Mensaje D / 01:10:00:000 / top(01) / ... para Root(00)
Mensaje X / 01:15:00:000 / Root(00) / wa /      1.00000 para top(01)
Mensaje X / 01:15:00:000 / top(01) / inweatheracceptability /      1.00000 para ct(03)
Mensaje D / 01:15:00:000 / ct(03) / 00:00:15:000 para top(01)
Mensaje D / 01:15:00:000 / top(01) / 00:00:15:000 para Root(00)
Mensaje * / 01:15:15:000 / Root(00) para top(01)
Mensaje * / 01:15:15:000 / top(01) para ct(03)
Mensaje Y / 01:15:15:000 / ct(03) / outlandingclearance /      1.00000 para top(01)
Mensaje D / 01:15:15:000 / ct(03) / ... para top(01)
Mensaje Y / 01:15:15:000 / top(01) / lc /      1.00000 para Root(00)
Mensaje X / 01:15:15:000 / top(01) / inlandingclearance /      1.00000 para ch148(04)
Mensaje D / 01:15:15:000 / ch148(04) / 00:00:30:000 para top(01)
Mensaje D / 01:15:15:000 / top(01) / 00:00:30:000 para Root(00)
Mensaje * / 01:15:45:000 / Root(00) para top(01)
Mensaje * / 01:15:45:000 / top(01) para ch148(04)
Mensaje D / 01:15:45:000 / ch148(04) / ... para top(01)
Mensaje D / 01:15:45:000 / top(01) / ... para Root(00)
Mensaje X / 01:30:00:000 / Root(00) / ha /      0.00000 para top(01)
Mensaje X / 01:30:00:000 / top(01) / inhangaravailability /      0.00000 para deckofficer(02)
Mensaje D / 01:30:00:000 / deckofficer(02) / 00:00:00:000 para top(01)
Mensaje D / 01:30:00:000 / top(01) / 00:00:00:000 para Root(00)
Mensaje * / 01:30:00:000 / Root(00) para top(01)
Mensaje * / 01:30:00:000 / top(01) para deckofficer(02)
Mensaje D / 01:30:00:000 / deckofficer(02) / ... para top(01)
Mensaje D / 01:30:00:000 / top(01) / ... para Root(00)
Mensaje X / 01:35:00:000 / Root(00) / to /      1.00000 para top(01)
Mensaje X / 01:35:00:000 / top(01) / intakeoff /      1.00000 para ct(03)
Mensaje D / 01:35:00:000 / ct(03) / 00:02:01:062 para top(01)
Mensaje D / 01:35:00:000 / top(01) / 00:02:01:062 para Root(00)
Mensaje * / 01:37:01:062 / Root(00) para top(01)
Mensaje * / 01:37:01:062 / top(01) para ct(03)
Mensaje Y / 01:37:01:062 / ct(03) / outtakeoffclearance /      1.00000 para top(01)
Mensaje D / 01:37:01:062 / ct(03) / ... para top(01)
Mensaje X / 01:37:01:062 / top(01) / intakeoffclearance /      1.00000 para ch148(04)
Mensaje D / 01:37:01:062 / ch148(04) / 00:01:00:000 para top(01)
Mensaje D / 01:37:01:062 / top(01) / 00:01:00:000 para Root(00)
Mensaje * / 01:38:01:062 / Root(00) para top(01)
Mensaje * / 01:38:01:062 / top(01) para ch148(04)
Mensaje Y / 01:38:01:062 / ch148(04) / outhelicopter /      1.00000 para top(01)
Mensaje D / 01:38:01:062 / ch148(04) / ... para top(01)
Mensaje Y / 01:38:01:062 / top(01) / oh /      1.00000 para Root(00)
Mensaje D / 01:38:01:062 / top(01) / ... para Root(00)
Mensaje X / 01:40:00:000 / Root(00) / ha /      1.00000 para top(01)
Mensaje X / 01:40:00:000 / top(01) / inhangaravailability /      1.00000 para deckofficer(02)
Mensaje D / 01:40:00:000 / deckofficer(02) / 00:00:00:000 para top(01)
Mensaje D / 01:40:00:000 / top(01) / 00:00:00:000 para Root(00)
Mensaje * / 01:40:00:000 / Root(00) para top(01)
Mensaje * / 01:40:00:000 / top(01) para deckofficer(02)
Mensaje D / 01:40:00:000 / deckofficer(02) / ... para top(01)
Mensaje D / 01:40:00:000 / top(01) / ... para Root(00)
Mensaje X / 02:00:00:000 / Root(00) / ih /      1.00000 para top(01)
Mensaje X / 02:00:00:000 / top(01) / inhelicopter /      1.00000 para ch148(04)
Mensaje D / 02:00:00:000 / ch148(04) / 00:00:00:000 para top(01)
Mensaje D / 02:00:00:000 / top(01) / 00:00:00:000 para Root(00)
Mensaje * / 02:00:00:000 / Root(00) para top(01)
Mensaje * / 02:00:00:000 / top(01) para ch148(04)
Mensaje Y / 02:00:00:000 / ch148(04) / outdeckavailabilitycheck /      1.00000 para top(01)
Mensaje D / 02:00:00:000 / ch148(04) / ... para top(01)
Mensaje X / 02:00:00:000 / top(01) / indeckavailabilitycheck /      1.00000 para deckofficer(02)
Mensaje D / 02:00:00:000 / deckofficer(02) / 00:00:10:000 para top(01)
Mensaje D / 02:00:00:000 / top(01) / 00:00:10:000 para Root(00)
Mensaje * / 02:00:10:000 / Root(00) para top(01)
Mensaje * / 02:00:10:000 / top(01) para deckofficer(02)
Mensaje Y / 02:00:10:000 / deckofficer(02) / outdeckavailability /      1.00000 para top(01)
Mensaje D / 02:00:10:000 / deckofficer(02) / ... para top(01)
Mensaje X / 02:00:10:000 / top(01) / indeckavailability /      1.00000 para ch148(04)
Mensaje D / 02:00:10:000 / ch148(04) / 00:02:00:000 para top(01)
Mensaje D / 02:00:10:000 / top(01) / 00:02:00:000 para Root(00)
Mensaje * / 02:02:10:000 / Root(00) para top(01)
Mensaje * / 02:02:10:000 / top(01) para ch148(04)
Mensaje Y / 02:02:10:000 / ch148(04) / outlandingrequest /      1.00000 para top(01)
Mensaje D / 02:02:10:000 / ch148(04) / ... para top(01)
Mensaje X / 02:02:10:000 / top(01) / inlandingrequest /      1.00000 para ct(03)
Mensaje D / 02:02:10:000 / ct(03) / 00:00:30:000 para top(01)
Mensaje D / 02:02:10:000 / top(01) / 00:00:30:000 para Root(00)
Mensaje * / 02:02:40:000 / Root(00) para top(01)
Mensaje * / 02:02:40:000 / top(01) para ct(03)
Mensaje Y / 02:02:40:000 / ct(03) / outweathercheck /      1.00000 para top(01)
Mensaje D / 02:02:40:000 / ct(03) / ... para top(01)
Mensaje Y / 02:02:40:000 / top(01) / wc /      1.00000 para Root(00)
Mensaje D / 02:02:40:000 / top(01) / ... para Root(00)
Mensaje X / 02:10:00:000 / Root(00) / wa /      0.00000 para top(01)
Mensaje X / 02:10:00:000 / top(01) / inweatheracceptability /      0.00000 para ct(03)
Mensaje D / 02:10:00:000 / ct(03) / 00:00:15:000 para top(01)
Mensaje D / 02:10:00:000 / top(01) / 00:00:15:000 para Root(00)
Mensaje * / 02:10:15:000 / Root(00) para top(01)
Mensaje * / 02:10:15:000 / top(01) para ct(03)
Mensaje Y / 02:10:15:000 / ct(03) / outlandingclearance /      0.00000 para top(01)
Mensaje D / 02:10:15:000 / ct(03) / ... para top(01)
Mensaje Y / 02:10:15:000 / top(01) / lc /      0.00000 para Root(00)
Mensaje X / 02:10:15:000 / top(01) / inlandingclearance /      0.00000 para ch148(04)
Mensaje D / 02:10:15:000 / ch148(04) / 00:01:00:000 para top(01)
Mensaje D / 02:10:15:000 / top(01) / 00:01:00:000 para Root(00)
Mensaje * / 02:11:15:000 / Root(00) para top(01)
Mensaje * / 02:11:15:000 / top(01) para ch148(04)
Mensaje Y / 02:11:15:000 / ch148(04) / outhelicopter /      1.00000 para top(01)
Mensaje D / 02:11:15:000 / ch148(04) / ... para top(01)
Mensaje Y / 02:11:15:000 / top(01) / oh /      1.00000 para Root(00)
Mensaje D / 02:11:15:000 / top(01) / ... para Root(00)
