Mensaje I / 00:00:00:000 / Root(00) para top(01)
Mensaje I / 00:00:00:000 / top(01) para hangar(02)
Mensaje D / 00:00:00:000 / hangar(02) / ... para top(01)
Mensaje D / 00:00:00:000 / top(01) / ... para Root(00)
Mensaje X / 00:01:00:000 / Root(00) / cl /      1.00000 para top(01)
Mensaje X / 00:01:00:000 / top(01) / incompletedlanding /      1.00000 para hangar(02)
Mensaje D / 00:01:00:000 / hangar(02) / 00:00:00:000 para top(01)
Mensaje D / 00:01:00:000 / top(01) / 00:00:00:000 para Root(00)
Mensaje * / 00:01:00:000 / Root(00) para top(01)
Mensaje * / 00:01:00:000 / top(01) para hangar(02)
Mensaje Y / 00:01:00:000 / hangar(02) / outhangaravailability /      0.00000 para top(01)
Mensaje D / 00:01:00:000 / hangar(02) / ... para top(01)
Mensaje Y / 00:01:00:000 / top(01) / ha /      0.00000 para Root(00)
Mensaje D / 00:01:00:000 / top(01) / ... para Root(00)
Mensaje X / 00:02:00:000 / Root(00) / to /      1.00000 para top(01)
Mensaje X / 00:02:00:000 / top(01) / intakeoff /      1.00000 para hangar(02)
Mensaje D / 00:02:00:000 / hangar(02) / 00:00:30:000 para top(01)
Mensaje D / 00:02:00:000 / top(01) / 00:00:30:000 para Root(00)
Mensaje * / 00:02:30:000 / Root(00) para top(01)
Mensaje * / 00:02:30:000 / top(01) para hangar(02)
Mensaje Y / 00:02:30:000 / hangar(02) / outhangaravailability /      1.00000 para top(01)
Mensaje D / 00:02:30:000 / hangar(02) / ... para top(01)
Mensaje Y / 00:02:30:000 / top(01) / ha /      1.00000 para Root(00)
Mensaje D / 00:02:30:000 / top(01) / ... para Root(00)
Mensaje X / 00:03:00:000 / Root(00) / cl /      1.00000 para top(01)
Mensaje X / 00:03:00:000 / top(01) / incompletedlanding /      1.00000 para hangar(02)
Mensaje D / 00:03:00:000 / hangar(02) / 00:00:00:000 para top(01)
Mensaje D / 00:03:00:000 / top(01) / 00:00:00:000 para Root(00)
Mensaje * / 00:03:00:000 / Root(00) para top(01)
Mensaje * / 00:03:00:000 / top(01) para hangar(02)
Mensaje Y / 00:03:00:000 / hangar(02) / outhangaravailability /      0.00000 para top(01)
Mensaje D / 00:03:00:000 / hangar(02) / ... para top(01)
Mensaje Y / 00:03:00:000 / top(01) / ha /      0.00000 para Root(00)
Mensaje D / 00:03:00:000 / top(01) / ... para Root(00)
Mensaje X / 00:04:00:000 / Root(00) / cl /      1.00000 para top(01)
Mensaje X / 00:04:00:000 / top(01) / incompletedlanding /      1.00000 para hangar(02)
Mensaje D / 00:04:00:000 / hangar(02) / 00:00:00:000 para top(01)
Mensaje D / 00:04:00:000 / top(01) / 00:00:00:000 para Root(00)
Mensaje * / 00:04:00:000 / Root(00) para top(01)
Mensaje * / 00:04:00:000 / top(01) para hangar(02)
Mensaje Y / 00:04:00:000 / hangar(02) / outhangaravailability /      0.00000 para top(01)
Mensaje D / 00:04:00:000 / hangar(02) / ... para top(01)
Mensaje Y / 00:04:00:000 / top(01) / ha /      0.00000 para Root(00)
Mensaje D / 00:04:00:000 / top(01) / ... para Root(00)
Mensaje X / 00:05:00:000 / Root(00) / to /      1.00000 para top(01)
Mensaje X / 00:05:00:000 / top(01) / intakeoff /      1.00000 para hangar(02)
Mensaje D / 00:05:00:000 / hangar(02) / 00:00:30:000 para top(01)
Mensaje D / 00:05:00:000 / top(01) / 00:00:30:000 para Root(00)
Mensaje * / 00:05:30:000 / Root(00) para top(01)
Mensaje * / 00:05:30:000 / top(01) para hangar(02)
Mensaje Y / 00:05:30:000 / hangar(02) / outhangaravailability /      1.00000 para top(01)
Mensaje D / 00:05:30:000 / hangar(02) / ... para top(01)
Mensaje Y / 00:05:30:000 / top(01) / ha /      1.00000 para Root(00)
Mensaje D / 00:05:30:000 / top(01) / ... para Root(00)
Mensaje X / 00:06:00:000 / Root(00) / cl /      1.00000 para top(01)
Mensaje X / 00:06:00:000 / top(01) / incompletedlanding /      1.00000 para hangar(02)
Mensaje D / 00:06:00:000 / hangar(02) / 00:00:00:000 para top(01)
Mensaje D / 00:06:00:000 / top(01) / 00:00:00:000 para Root(00)
Mensaje * / 00:06:00:000 / Root(00) para top(01)
Mensaje * / 00:06:00:000 / top(01) para hangar(02)
Mensaje Y / 00:06:00:000 / hangar(02) / outhangaravailability /      0.00000 para top(01)
Mensaje D / 00:06:00:000 / hangar(02) / ... para top(01)
Mensaje Y / 00:06:00:000 / top(01) / ha /      0.00000 para Root(00)
Mensaje D / 00:06:00:000 / top(01) / ... para Root(00)
Mensaje X / 00:07:00:000 / Root(00) / to /      1.00000 para top(01)
Mensaje X / 00:07:00:000 / top(01) / intakeoff /      1.00000 para hangar(02)
Mensaje D / 00:07:00:000 / hangar(02) / 00:00:30:000 para top(01)
Mensaje D / 00:07:00:000 / top(01) / 00:00:30:000 para Root(00)
Mensaje * / 00:07:30:000 / Root(00) para top(01)
Mensaje * / 00:07:30:000 / top(01) para hangar(02)
Mensaje Y / 00:07:30:000 / hangar(02) / outhangaravailability /      1.00000 para top(01)
Mensaje D / 00:07:30:000 / hangar(02) / ... para top(01)
Mensaje Y / 00:07:30:000 / top(01) / ha /      1.00000 para Root(00)
Mensaje D / 00:07:30:000 / top(01) / ... para Root(00)
Mensaje X / 00:08:00:000 / Root(00) / to /      1.00000 para top(01)
Mensaje X / 00:08:00:000 / top(01) / intakeoff /      1.00000 para hangar(02)
Mensaje D / 00:08:00:000 / hangar(02) / 00:00:30:000 para top(01)
Mensaje D / 00:08:00:000 / top(01) / 00:00:30:000 para Root(00)
Mensaje * / 00:08:30:000 / Root(00) para top(01)
Mensaje * / 00:08:30:000 / top(01) para hangar(02)
Mensaje Y / 00:08:30:000 / hangar(02) / outhangaravailability /      1.00000 para top(01)
Mensaje D / 00:08:30:000 / hangar(02) / ... para top(01)
Mensaje Y / 00:08:30:000 / top(01) / ha /      1.00000 para Root(00)
Mensaje D / 00:08:30:000 / top(01) / ... para Root(00)
Mensaje X / 00:09:00:000 / Root(00) / cl /      1.00000 para top(01)
Mensaje X / 00:09:00:000 / top(01) / incompletedlanding /      1.00000 para hangar(02)
Mensaje D / 00:09:00:000 / hangar(02) / 00:00:00:000 para top(01)
Mensaje D / 00:09:00:000 / top(01) / 00:00:00:000 para Root(00)
Mensaje * / 00:09:00:000 / Root(00) para top(01)
Mensaje * / 00:09:00:000 / top(01) para hangar(02)
Mensaje Y / 00:09:00:000 / hangar(02) / outhangaravailability /      0.00000 para top(01)
Mensaje D / 00:09:00:000 / hangar(02) / ... para top(01)
Mensaje Y / 00:09:00:000 / top(01) / ha /      0.00000 para Root(00)
Mensaje D / 00:09:00:000 / top(01) / ... para Root(00)
Mensaje X / 00:10:00:000 / Root(00) / to /      1.00000 para top(01)
Mensaje X / 00:10:00:000 / top(01) / intakeoff /      1.00000 para hangar(02)
Mensaje D / 00:10:00:000 / hangar(02) / 00:00:30:000 para top(01)
Mensaje D / 00:10:00:000 / top(01) / 00:00:30:000 para Root(00)
Mensaje X / 00:10:10:000 / Root(00) / to /      1.00000 para top(01)
Mensaje X / 00:10:10:000 / top(01) / intakeoff /      1.00000 para hangar(02)
Mensaje D / 00:10:10:000 / hangar(02) / 00:00:20:000 para top(01)
Mensaje D / 00:10:10:000 / top(01) / 00:00:20:000 para Root(00)
Mensaje * / 00:10:30:000 / Root(00) para top(01)
Mensaje * / 00:10:30:000 / top(01) para hangar(02)
Mensaje Y / 00:10:30:000 / hangar(02) / outhangaravailability /      1.00000 para top(01)
Mensaje D / 00:10:30:000 / hangar(02) / ... para top(01)
Mensaje Y / 00:10:30:000 / top(01) / ha /      1.00000 para Root(00)
Mensaje D / 00:10:30:000 / top(01) / ... para Root(00)
Mensaje X / 00:11:00:000 / Root(00) / cl /      1.00000 para top(01)
Mensaje X / 00:11:00:000 / top(01) / incompletedlanding /      1.00000 para hangar(02)
Mensaje D / 00:11:00:000 / hangar(02) / 00:00:00:000 para top(01)
Mensaje D / 00:11:00:000 / top(01) / 00:00:00:000 para Root(00)
Mensaje * / 00:11:00:000 / Root(00) para top(01)
Mensaje * / 00:11:00:000 / top(01) para hangar(02)
Mensaje Y / 00:11:00:000 / hangar(02) / outhangaravailability /      0.00000 para top(01)
Mensaje D / 00:11:00:000 / hangar(02) / ... para top(01)
Mensaje Y / 00:11:00:000 / top(01) / ha /      0.00000 para Root(00)
Mensaje D / 00:11:00:000 / top(01) / ... para Root(00)
Mensaje X / 00:12:00:000 / Root(00) / to /      1.00000 para top(01)
Mensaje X / 00:12:00:000 / top(01) / intakeoff /      1.00000 para hangar(02)
Mensaje D / 00:12:00:000 / hangar(02) / 00:00:30:000 para top(01)
Mensaje D / 00:12:00:000 / top(01) / 00:00:30:000 para Root(00)
Mensaje X / 00:12:10:000 / Root(00) / cl /      1.00000 para top(01)
Mensaje X / 00:12:10:000 / top(01) / incompletedlanding /      1.00000 para hangar(02)
Mensaje D / 00:12:10:000 / hangar(02) / 00:00:00:000 para top(01)
Mensaje D / 00:12:10:000 / top(01) / 00:00:00:000 para Root(00)
Mensaje * / 00:12:10:000 / Root(00) para top(01)
Mensaje * / 00:12:10:000 / top(01) para hangar(02)
Mensaje Y / 00:12:10:000 / hangar(02) / outhangaravailability /      0.00000 para top(01)
Mensaje D / 00:12:10:000 / hangar(02) / ... para top(01)
Mensaje Y / 00:12:10:000 / top(01) / ha /      0.00000 para Root(00)
Mensaje D / 00:12:10:000 / top(01) / ... para Root(00)
Mensaje X / 00:12:30:000 / Root(00) / to /      1.00000 para top(01)
Mensaje X / 00:12:30:000 / top(01) / intakeoff /      1.00000 para hangar(02)
Mensaje D / 00:12:30:000 / hangar(02) / 00:00:30:000 para top(01)
Mensaje D / 00:12:30:000 / top(01) / 00:00:30:000 para Root(00)
Mensaje * / 00:13:00:000 / Root(00) para top(01)
Mensaje * / 00:13:00:000 / top(01) para hangar(02)
Mensaje Y / 00:13:00:000 / hangar(02) / outhangaravailability /      1.00000 para top(01)
Mensaje D / 00:13:00:000 / hangar(02) / ... para top(01)
Mensaje Y / 00:13:00:000 / top(01) / ha /      1.00000 para Root(00)
Mensaje D / 00:13:00:000 / top(01) / ... para Root(00)
